<?xml version="1.0" encoding="UTF-8"?>
<testsuite xmlns:xsi="http://www.w3.org/2001/XMLSchema-instance" xsi:noNamespaceSchemaLocation="https://maven.apache.org/surefire/maven-surefire-plugin/xsd/surefire-test-report-3.0.xsd" version="3.0" name="beaconkorea.HelloWorldControllerTest" time="34.829" tests="1" errors="0" skipped="0" failures="1">
  <properties>
    <property name="sun.desktop" value="windows"/>
    <property name="awt.toolkit" value="sun.awt.windows.WToolkit"/>
    <property name="java.specification.version" value="11"/>
    <property name="sun.cpu.isalist" value="amd64"/>
    <property name="sun.jnu.encoding" value="MS949"/>
    <property name="java.class.path" value="C:\Users\ever1\OneDrive\바탕 화면\sap_btp_java\integration-tests\target\test-classes;C:\Users\ever1\OneDrive\바탕 화면\sap_btp_java\integration-tests\target\classes;C:\Users\ever1\OneDrive\바탕 화면\sap_btp_java\application\target\firstapp-application.jar.original;C:\Users\ever1\.m2\repository\org\springframework\boot\spring-boot-starter-thymeleaf\2.6.7\spring-boot-starter-thymeleaf-2.6.7.jar;C:\Users\ever1\.m2\repository\org\springframework\boot\spring-boot-starter\2.6.7\spring-boot-starter-2.6.7.jar;C:\Users\ever1\.m2\repository\org\springframework\boot\spring-boot-starter-logging\2.6.7\spring-boot-starter-logging-2.6.7.jar;C:\Users\ever1\.m2\repository\org\apache\logging\log4j\log4j-to-slf4j\2.17.2\log4j-to-slf4j-2.17.2.jar;C:\Users\ever1\.m2\repository\org\apache\logging\log4j\log4j-api\2.17.2\log4j-api-2.17.2.jar;C:\Users\ever1\.m2\repository\org\slf4j\jul-to-slf4j\1.7.36\jul-to-slf4j-1.7.36.jar;C:\Users\ever1\.m2\repository\jakarta\annotation\jakarta.annotation-api\1.3.5\jakarta.annotation-api-1.3.5.jar;C:\Users\ever1\.m2\repository\org\yaml\snakeyaml\1.29\snakeyaml-1.29.jar;C:\Users\ever1\.m2\repository\org\thymeleaf\thymeleaf-spring5\3.0.15.RELEASE\thymeleaf-spring5-3.0.15.RELEASE.jar;C:\Users\ever1\.m2\repository\org\thymeleaf\thymeleaf\3.0.15.RELEASE\thymeleaf-3.0.15.RELEASE.jar;C:\Users\ever1\.m2\repository\org\attoparser\attoparser\2.0.5.RELEASE\attoparser-2.0.5.RELEASE.jar;C:\Users\ever1\.m2\repository\org\unbescape\unbescape\1.1.6.RELEASE\unbescape-1.1.6.RELEASE.jar;C:\Users\ever1\.m2\repository\org\thymeleaf\extras\thymeleaf-extras-java8time\3.0.4.RELEASE\thymeleaf-extras-java8time-3.0.4.RELEASE.jar;C:\Users\ever1\.m2\repository\com\sap\cloud\sdk\cloudplatform\scp-cf\3.71.0\scp-cf-3.71.0.jar;C:\Users\ever1\.m2\repository\com\sap\cloud\sdk\cloudplatform\auditlog-scp-cf\3.71.0\auditlog-scp-cf-3.71.0.jar;C:\Users\ever1\.m2\repository\com\sap\cloud\sdk\cloudplatform\cloudplatform-core\3.71.0\cloudplatform-core-3.71.0.jar;C:\Users\ever1\.m2\repository\com\sap\cloud\sdk\cloudplatform\auditlog\3.71.0\auditlog-3.71.0.jar;C:\Users\ever1\.m2\repository\com\fasterxml\jackson\core\jackson-core\2.13.3\jackson-core-2.13.3.jar;C:\Users\ever1\.m2\repository\com\google\code\findbugs\jsr305\3.0.2\jsr305-3.0.2.jar;C:\Users\ever1\.m2\repository\io\vavr\vavr\0.10.4\vavr-0.10.4.jar;C:\Users\ever1\.m2\repository\io\vavr\vavr-match\0.10.4\vavr-match-0.10.4.jar;C:\Users\ever1\.m2\repository\com\google\guava\guava\31.1-jre\guava-31.1-jre.jar;C:\Users\ever1\.m2\repository\com\google\guava\failureaccess\1.0.1\failureaccess-1.0.1.jar;C:\Users\ever1\.m2\repository\com\google\guava\listenablefuture\9999.0-empty-to-avoid-conflict-with-guava\listenablefuture-9999.0-empty-to-avoid-conflict-with-guava.jar;C:\Users\ever1\.m2\repository\com\google\j2objc\j2objc-annotations\1.3\j2objc-annotations-1.3.jar;C:\Users\ever1\.m2\repository\com\google\errorprone\error_prone_annotations\2.14.0\error_prone_annotations-2.14.0.jar;C:\Users\ever1\.m2\repository\com\sap\cloud\sdk\cloudplatform\caching\3.71.0\caching-3.71.0.jar;C:\Users\ever1\.m2\repository\com\sap\cloud\sdk\cloudplatform\security\3.71.0\security-3.71.0.jar;C:\Users\ever1\.m2\repository\com\sap\cloud\sdk\cloudplatform\tenant\3.71.0\tenant-3.71.0.jar;C:\Users\ever1\.m2\repository\com\github\ben-manes\caffeine\caffeine\2.9.3\caffeine-2.9.3.jar;C:\Users\ever1\.m2\repository\com\sap\cloud\sdk\cloudplatform\cloudplatform-core-scp-cf\3.71.0\cloudplatform-core-scp-cf-3.71.0.jar;C:\Users\ever1\.m2\repository\com\google\code\gson\gson\2.9.0\gson-2.9.0.jar;C:\Users\ever1\.m2\repository\com\mikesamuel\json-sanitizer\1.2.3\json-sanitizer-1.2.3.jar;C:\Users\ever1\.m2\repository\com\auth0\java-jwt\3.19.2\java-jwt-3.19.2.jar;C:\Users\ever1\.m2\repository\com\sap\cloud\sdk\cloudplatform\cloudplatform-connectivity-scp-cf\3.71.0\cloudplatform-connectivity-scp-cf-3.71.0.jar;C:\Users\ever1\.m2\repository\com\sap\cloud\sdk\cloudplatform\cloudplatform-connectivity\3.71.0\cloudplatform-connectivity-3.71.0.jar;C:\Users\ever1\.m2\repository\com\sap\cloud\sdk\cloudplatform\cloudplatform-connectivity-scp\3.71.0\cloudplatform-connectivity-scp-3.71.0.jar;C:\Users\ever1\.m2\repository\com\sap\cloud\sdk\cloudplatform\resilience\3.71.0\resilience-3.71.0.jar;C:\Users\ever1\.m2\repository\com\sap\cloud\sdk\frameworks\resilience4j\3.71.0\resilience4j-3.71.0.jar;C:\Users\ever1\.m2\repository\io\github\resilience4j\resilience4j-circuitbreaker\1.7.1\resilience4j-circuitbreaker-1.7.1.jar;C:\Users\ever1\.m2\repository\io\github\resilience4j\resilience4j-core\1.7.1\resilience4j-core-1.7.1.jar;C:\Users\ever1\.m2\repository\io\github\resilience4j\resilience4j-bulkhead\1.7.1\resilience4j-bulkhead-1.7.1.jar;C:\Users\ever1\.m2\repository\io\github\resilience4j\resilience4j-timelimiter\1.7.1\resilience4j-timelimiter-1.7.1.jar;C:\Users\ever1\.m2\repository\io\github\resilience4j\resilience4j-cache\1.7.1\resilience4j-cache-1.7.1.jar;C:\Users\ever1\.m2\repository\javax\cache\cache-api\1.1.1\cache-api-1.1.1.jar;C:\Users\ever1\.m2\repository\io\github\resilience4j\resilience4j-retry\1.7.1\resilience4j-retry-1.7.1.jar;C:\Users\ever1\.m2\repository\io\github\resilience4j\resilience4j-ratelimiter\1.7.1\resilience4j-ratelimiter-1.7.1.jar;C:\Users\ever1\.m2\repository\com\sap\cloud\security\xsuaa\token-client\2.12.1\token-client-2.12.1.jar;C:\Users\ever1\.m2\repository\com\sap\cloud\security\xsuaa\api\2.12.1\api-2.12.1.jar;C:\Users\ever1\.m2\repository\commons-io\commons-io\2.11.0\commons-io-2.11.0.jar;C:\Users\ever1\.m2\repository\org\apache\httpcomponents\httpcore\4.4.15\httpcore-4.4.15.jar;C:\Users\ever1\.m2\repository\org\apache\httpcomponents\httpclient\4.5.13\httpclient-4.5.13.jar;C:\Users\ever1\.m2\repository\org\apache\commons\commons-lang3\3.12.0\commons-lang3-3.12.0.jar;C:\Users\ever1\.m2\repository\com\jayway\jsonpath\json-path\2.7.0\json-path-2.7.0.jar;C:\Users\ever1\.m2\repository\net\minidev\json-smart\2.4.8\json-smart-2.4.8.jar;C:\Users\ever1\.m2\repository\net\minidev\accessors-smart\2.4.8\accessors-smart-2.4.8.jar;C:\Users\ever1\.m2\repository\com\sap\cloud\security\java-api\2.12.1\java-api-2.12.1.jar;C:\Users\ever1\.m2\repository\com\sap\cloud\sdk\cloudplatform\security-scp-cf\3.71.0\security-scp-cf-3.71.0.jar;C:\Users\ever1\.m2\repository\com\sap\cloud\security\java-security\2.12.1\java-security-2.12.1.jar;C:\Users\ever1\.m2\repository\com\sap\cloud\security\env\2.12.1\env-2.12.1.jar;C:\Users\ever1\.m2\repository\com\sap\cloud\sdk\cloudplatform\servlet\3.71.0\servlet-3.71.0.jar;C:\Users\ever1\.m2\repository\com\fasterxml\jackson\core\jackson-annotations\2.13.3\jackson-annotations-2.13.3.jar;C:\Users\ever1\.m2\repository\com\fasterxml\jackson\core\jackson-databind\2.13.3\jackson-databind-2.13.3.jar;C:\Users\ever1\.m2\repository\com\sap\cloud\sdk\cloudplatform\tenant-scp-cf\3.71.0\tenant-scp-cf-3.71.0.jar;C:\Users\ever1\.m2\repository\com\sap\cloud\sdk\cloudplatform\metering\3.71.0\metering-3.71.0.jar;C:\Users\ever1\.m2\repository\com\sap\cloud\sdk\s4hana\s4hana-all\3.71.0\s4hana-all-3.71.0.jar;C:\Users\ever1\.m2\repository\com\sap\cloud\sdk\s4hana\s4hana-core\3.71.0\s4hana-core-3.71.0.jar;C:\Users\ever1\.m2\repository\com\sap\cloud\sdk\datamodel\fluent-result\3.71.0\fluent-result-3.71.0.jar;C:\Users\ever1\.m2\repository\com\sap\cloud\sdk\s4hana\s4hana-connectivity\3.71.0\s4hana-connectivity-3.71.0.jar;C:\Users\ever1\.m2\repository\com\sap\cloud\sdk\s4hana\s4hana-api-odata\3.71.0\s4hana-api-odata-3.71.0.jar;C:\Users\ever1\.m2\repository\com\sap\cloud\sdk\datamodel\odata-core\3.71.0\odata-core-3.71.0.jar;C:\Users\ever1\.m2\repository\com\sap\cloud\servicesdk\odata-v2-lib\1.40.11\odata-v2-lib-1.40.11.jar;C:\Users\ever1\.m2\repository\com\sap\cloud\servicesdk\developer_license\1.40.11\developer_license-1.40.11.jar;C:\Users\ever1\.m2\repository\com\sap\cloud\sdk\s4hana\s4hana-api-odata-v4\3.71.0\s4hana-api-odata-v4-3.71.0.jar;C:\Users\ever1\.m2\repository\com\sap\cloud\sdk\datamodel\odata-v4-core\3.71.0\odata-v4-core-3.71.0.jar;C:\Users\ever1\.m2\repository\com\sap\cloud\sdk\datamodel\odata-client\3.71.0\odata-client-3.71.0.jar;C:\Users\ever1\.m2\repository\com\sap\cloud\sdk\datamodel\soap\3.71.0\soap-3.71.0.jar;C:\Users\ever1\.m2\repository\org\apache\axis2\axis2-adb\1.7.9\axis2-adb-1.7.9.jar;C:\Users\ever1\.m2\repository\org\apache\ws\commons\axiom\axiom-dom\1.2.21\axiom-dom-1.2.21.jar;C:\Users\ever1\.m2\repository\org\codehaus\woodstox\woodstox-core-asl\4.2.0\woodstox-core-asl-4.2.0.jar;C:\Users\ever1\.m2\repository\org\codehaus\woodstox\stax2-api\3.1.1\stax2-api-3.1.1.jar;C:\Users\ever1\.m2\repository\org\apache\axis2\axis2-transport-http\1.7.9\axis2-transport-http-1.7.9.jar;C:\Users\ever1\.m2\repository\org\apache\axis2\axis2-kernel\1.7.9\axis2-kernel-1.7.9.jar;C:\Users\ever1\.m2\repository\org\apache\ws\commons\axiom\axiom-api\1.2.21\axiom-api-1.2.21.jar;C:\Users\ever1\.m2\repository\org\apache\geronimo\specs\geronimo-activation_1.1_spec\1.1\geronimo-activation_1.1_spec-1.1.jar;C:\Users\ever1\.m2\repository\jaxen\jaxen\1.2.0\jaxen-1.2.0.jar;C:\Users\ever1\.m2\repository\org\apache\geronimo\specs\geronimo-stax-api_1.0_spec\1.0.1\geronimo-stax-api_1.0_spec-1.0.1.jar;C:\Users\ever1\.m2\repository\org\apache\james\apache-mime4j-core\0.7.2\apache-mime4j-core-0.7.2.jar;C:\Users\ever1\.m2\repository\org\apache\ws\commons\axiom\axiom-impl\1.2.21\axiom-impl-1.2.21.jar;C:\Users\ever1\.m2\repository\org\apache\geronimo\specs\geronimo-ws-metadata_2.0_spec\1.1.2\geronimo-ws-metadata_2.0_spec-1.1.2.jar;C:\Users\ever1\.m2\repository\org\apache\geronimo\specs\geronimo-jta_1.1_spec\1.1\geronimo-jta_1.1_spec-1.1.jar;C:\Users\ever1\.m2\repository\wsdl4j\wsdl4j\1.6.3\wsdl4j-1.6.3.jar;C:\Users\ever1\.m2\repository\org\apache\ws\xmlschema\xmlschema-core\2.2.1\xmlschema-core-2.2.1.jar;C:\Users\ever1\.m2\repository\org\apache\neethi\neethi\3.0.3\neethi-3.0.3.jar;C:\Users\ever1\.m2\repository\org\apache\woden\woden-core\1.0M10\woden-core-1.0M10.jar;C:\Users\ever1\.m2\repository\org\apache\axis2\axis2-transport-local\1.7.9\axis2-transport-local-1.7.9.jar;C:\Users\ever1\.m2\repository\com\sap\cloud\sdk\s4hana\rfc\3.71.0\rfc-3.71.0.jar;C:\Users\ever1\.m2\repository\com\sap\cloud\sdk\quality\common\3.71.0\common-3.71.0.jar;C:\Users\ever1\.m2\repository\org\apache\commons\commons-csv\1.9.0\commons-csv-1.9.0.jar;C:\Users\ever1\.m2\repository\org\json\json\20220320\json-20220320.jar;C:\Users\ever1\.m2\repository\com\sap\cloud\servicesdk\odatav2-connectivity-sdk3\1.40.11\odatav2-connectivity-sdk3-1.40.11.jar;C:\Users\ever1\.m2\repository\com\sap\cloud\servicesdk\jacksonutil-sdk3\1.40.11\jacksonutil-sdk3-1.40.11.jar;C:\Users\ever1\.m2\repository\joda-time\joda-time\2.9.9\joda-time-2.9.9.jar;C:\Users\ever1\.m2\repository\com\sap\cloud\servicesdk\prov\api\1.40.11\api-1.40.11.jar;C:\Users\ever1\.m2\repository\javax\transaction\javax.transaction-api\1.3\javax.transaction-api-1.3.jar;C:\Users\ever1\.m2\repository\commons-beanutils\commons-beanutils\1.9.4\commons-beanutils-1.9.4.jar;C:\Users\ever1\.m2\repository\commons-collections\commons-collections\3.2.2\commons-collections-3.2.2.jar;C:\Users\ever1\.m2\repository\com\sap\cds\cds4j-api\1.13.1\cds4j-api-1.13.1.jar;C:\Users\ever1\.m2\repository\org\projectlombok\lombok\1.18.24\lombok-1.18.24.jar;C:\Users\ever1\.m2\repository\com\sap\hcp\cf\logging\cf-java-logging-support-logback\3.6.2\cf-java-logging-support-logback-3.6.2.jar;C:\Users\ever1\.m2\repository\com\sap\hcp\cf\logging\cf-java-logging-support-core\3.6.2\cf-java-logging-support-core-3.6.2.jar;C:\Users\ever1\.m2\repository\com\fasterxml\jackson\jr\jackson-jr-objects\2.13.3\jackson-jr-objects-2.13.3.jar;C:\Users\ever1\.m2\repository\org\springframework\boot\spring-boot-starter-web\2.6.7\spring-boot-starter-web-2.6.7.jar;C:\Users\ever1\.m2\repository\org\springframework\boot\spring-boot-starter-json\2.6.7\spring-boot-starter-json-2.6.7.jar;C:\Users\ever1\.m2\repository\com\fasterxml\jackson\datatype\jackson-datatype-jdk8\2.13.3\jackson-datatype-jdk8-2.13.3.jar;C:\Users\ever1\.m2\repository\com\fasterxml\jackson\datatype\jackson-datatype-jsr310\2.13.3\jackson-datatype-jsr310-2.13.3.jar;C:\Users\ever1\.m2\repository\com\fasterxml\jackson\module\jackson-module-parameter-names\2.13.3\jackson-module-parameter-names-2.13.3.jar;C:\Users\ever1\.m2\repository\org\springframework\boot\spring-boot-starter-tomcat\2.6.7\spring-boot-starter-tomcat-2.6.7.jar;C:\Users\ever1\.m2\repository\org\apache\tomcat\embed\tomcat-embed-core\9.0.62\tomcat-embed-core-9.0.62.jar;C:\Users\ever1\.m2\repository\org\apache\tomcat\embed\tomcat-embed-el\9.0.62\tomcat-embed-el-9.0.62.jar;C:\Users\ever1\.m2\repository\org\apache\tomcat\embed\tomcat-embed-websocket\9.0.62\tomcat-embed-websocket-9.0.62.jar;C:\Users\ever1\.m2\repository\org\springframework\spring-web\5.3.20\spring-web-5.3.20.jar;C:\Users\ever1\.m2\repository\org\springframework\spring-webmvc\5.3.20\spring-webmvc-5.3.20.jar;C:\Users\ever1\.m2\repository\javax\inject\javax.inject\1\javax.inject-1.jar;C:\Users\ever1\.m2\repository\com\sap\cloud\sdk\plugins\usage-analytics-maven-plugin\3.10.0\usage-analytics-maven-plugin-3.10.0.jar;C:\Users\ever1\.m2\repository\org\apache\maven\maven-core\3.6.0\maven-core-3.6.0.jar;C:\Users\ever1\.m2\repository\org\apache\maven\maven-model\3.6.0\maven-model-3.6.0.jar;C:\Users\ever1\.m2\repository\org\apache\maven\maven-settings\3.6.0\maven-settings-3.6.0.jar;C:\Users\ever1\.m2\repository\org\apache\maven\maven-settings-builder\3.6.0\maven-settings-builder-3.6.0.jar;C:\Users\ever1\.m2\repository\org\codehaus\plexus\plexus-interpolation\1.25\plexus-interpolation-1.25.jar;C:\Users\ever1\.m2\repository\org\sonatype\plexus\plexus-sec-dispatcher\1.4\plexus-sec-dispatcher-1.4.jar;C:\Users\ever1\.m2\repository\org\sonatype\plexus\plexus-cipher\1.4\plexus-cipher-1.4.jar;C:\Users\ever1\.m2\repository\org\apache\maven\maven-builder-support\3.6.0\maven-builder-support-3.6.0.jar;C:\Users\ever1\.m2\repository\org\apache\maven\maven-repository-metadata\3.6.0\maven-repository-metadata-3.6.0.jar;C:\Users\ever1\.m2\repository\org\apache\maven\maven-artifact\3.6.0\maven-artifact-3.6.0.jar;C:\Users\ever1\.m2\repository\org\apache\maven\maven-model-builder\3.6.0\maven-model-builder-3.6.0.jar;C:\Users\ever1\.m2\repository\org\apache\maven\maven-resolver-provider\3.6.0\maven-resolver-provider-3.6.0.jar;C:\Users\ever1\.m2\repository\org\apache\maven\resolver\maven-resolver-impl\1.3.1\maven-resolver-impl-1.3.1.jar;C:\Users\ever1\.m2\repository\org\apache\maven\resolver\maven-resolver-api\1.3.1\maven-resolver-api-1.3.1.jar;C:\Users\ever1\.m2\repository\org\apache\maven\resolver\maven-resolver-spi\1.3.1\maven-resolver-spi-1.3.1.jar;C:\Users\ever1\.m2\repository\org\apache\maven\resolver\maven-resolver-util\1.3.1\maven-resolver-util-1.3.1.jar;C:\Users\ever1\.m2\repository\org\apache\maven\shared\maven-shared-utils\3.2.1\maven-shared-utils-3.2.1.jar;C:\Users\ever1\.m2\repository\org\eclipse\sisu\org.eclipse.sisu.plexus\0.3.3\org.eclipse.sisu.plexus-0.3.3.jar;C:\Users\ever1\.m2\repository\javax\enterprise\cdi-api\1.0\cdi-api-1.0.jar;C:\Users\ever1\.m2\repository\javax\annotation\jsr250-api\1.0\jsr250-api-1.0.jar;C:\Users\ever1\.m2\repository\org\eclipse\sisu\org.eclipse.sisu.inject\0.3.3\org.eclipse.sisu.inject-0.3.3.jar;C:\Users\ever1\.m2\repository\com\google\inject\guice\4.2.1\guice-4.2.1-no_aop.jar;C:\Users\ever1\.m2\repository\aopalliance\aopalliance\1.0\aopalliance-1.0.jar;C:\Users\ever1\.m2\repository\org\codehaus\plexus\plexus-utils\3.1.0\plexus-utils-3.1.0.jar;C:\Users\ever1\.m2\repository\org\codehaus\plexus\plexus-classworlds\2.5.2\plexus-classworlds-2.5.2.jar;C:\Users\ever1\.m2\repository\org\codehaus\plexus\plexus-component-annotations\1.7.1\plexus-component-annotations-1.7.1.jar;C:\Users\ever1\.m2\repository\org\apache\maven\maven-plugin-api\3.6.0\maven-plugin-api-3.6.0.jar;C:\Users\ever1\.m2\repository\com\sap\cloud\sdk\plugins\usage-analytics\3.71.0\usage-analytics-3.71.0.jar;C:\Users\ever1\.m2\repository\commons-codec\commons-codec\1.15\commons-codec-1.15.jar;C:\Users\ever1\.m2\repository\org\jdom\jdom2\2.0.6.1\jdom2-2.0.6.1.jar;C:\Users\ever1\.m2\repository\mysql\mysql-connector-java\8.0.28\mysql-connector-java-8.0.28.jar;C:\Users\ever1\.m2\repository\org\mybatis\spring\boot\mybatis-spring-boot-starter\1.3.2\mybatis-spring-boot-starter-1.3.2.jar;C:\Users\ever1\.m2\repository\org\springframework\boot\spring-boot-starter-jdbc\2.6.7\spring-boot-starter-jdbc-2.6.7.jar;C:\Users\ever1\.m2\repository\com\zaxxer\HikariCP\4.0.3\HikariCP-4.0.3.jar;C:\Users\ever1\.m2\repository\org\springframework\spring-jdbc\5.3.20\spring-jdbc-5.3.20.jar;C:\Users\ever1\.m2\repository\org\springframework\spring-tx\5.3.20\spring-tx-5.3.20.jar;C:\Users\ever1\.m2\repository\org\mybatis\spring\boot\mybatis-spring-boot-autoconfigure\1.3.2\mybatis-spring-boot-autoconfigure-1.3.2.jar;C:\Users\ever1\.m2\repository\org\mybatis\mybatis\3.4.6\mybatis-3.4.6.jar;C:\Users\ever1\.m2\repository\org\mybatis\mybatis-spring\1.3.2\mybatis-spring-1.3.2.jar;C:\Users\ever1\.m2\repository\junit\junit\4.13.2\junit-4.13.2.jar;C:\Users\ever1\.m2\repository\org\hamcrest\hamcrest-core\2.2\hamcrest-core-2.2.jar;C:\Users\ever1\.m2\repository\org\hamcrest\hamcrest\2.2\hamcrest-2.2.jar;C:\Users\ever1\.m2\repository\org\slf4j\slf4j-api\1.7.36\slf4j-api-1.7.36.jar;C:\Users\ever1\.m2\repository\org\slf4j\jcl-over-slf4j\1.7.36\jcl-over-slf4j-1.7.36.jar;C:\Users\ever1\.m2\repository\org\slf4j\slf4j-simple\1.7.36\slf4j-simple-1.7.36.jar;C:\Users\ever1\.m2\repository\org\springframework\spring-test\5.3.20\spring-test-5.3.20.jar;C:\Users\ever1\.m2\repository\org\springframework\spring-core\5.3.20\spring-core-5.3.20.jar;C:\Users\ever1\.m2\repository\org\springframework\spring-jcl\5.3.20\spring-jcl-5.3.20.jar;C:\Users\ever1\.m2\repository\org\springframework\boot\spring-boot-test\2.6.7\spring-boot-test-2.6.7.jar;C:\Users\ever1\.m2\repository\org\springframework\boot\spring-boot\2.6.7\spring-boot-2.6.7.jar;C:\Users\ever1\.m2\repository\org\springframework\spring-context\5.3.20\spring-context-5.3.20.jar;C:\Users\ever1\.m2\repository\org\springframework\boot\spring-boot-test-autoconfigure\2.6.7\spring-boot-test-autoconfigure-2.6.7.jar;C:\Users\ever1\.m2\repository\org\springframework\boot\spring-boot-autoconfigure\2.6.7\spring-boot-autoconfigure-2.6.7.jar;C:\Users\ever1\.m2\repository\org\springframework\security\spring-security-test\5.6.4\spring-security-test-5.6.4.jar;C:\Users\ever1\.m2\repository\org\springframework\security\spring-security-core\5.6.4\spring-security-core-5.6.4.jar;C:\Users\ever1\.m2\repository\org\springframework\security\spring-security-crypto\5.6.4\spring-security-crypto-5.6.4.jar;C:\Users\ever1\.m2\repository\org\springframework\spring-aop\5.3.20\spring-aop-5.3.20.jar;C:\Users\ever1\.m2\repository\org\springframework\spring-beans\5.3.20\spring-beans-5.3.20.jar;C:\Users\ever1\.m2\repository\org\springframework\spring-expression\5.3.20\spring-expression-5.3.20.jar;C:\Users\ever1\.m2\repository\org\springframework\security\spring-security-web\5.6.4\spring-security-web-5.6.4.jar;C:\Users\ever1\.m2\repository\org\skyscreamer\jsonassert\1.5.0\jsonassert-1.5.0.jar;"/>
    <property name="java.vm.vendor" value="Oracle Corporation"/>
    <property name="sun.arch.data.model" value="64"/>
    <property name="user.variant" value=""/>
    <property name="java.vendor.url" value="https://openjdk.java.net/"/>
    <property name="user.timezone" value="Asia/Seoul"/>
    <property name="java.vm.specification.version" value="11"/>
    <property name="os.name" value="Windows 11"/>
    <property name="sun.java.launcher" value="SUN_STANDARD"/>
    <property name="user.country" value="KR"/>
    <property name="sun.boot.library.path" value="C:\Program Files\Java\jdk-11.0.15\bin"/>
    <property name="sun.java.command" value="C:\Users\ever1\AppData\Local\Temp\surefire11847959430295060010\surefirebooter10006910085514495876.jar C:\Users\ever1\AppData\Local\Temp\surefire11847959430295060010 2022-07-12T15-50-15_574-jvmRun1 surefire16480409040028454988tmp surefire_18542355543595487932tmp"/>
    <property name="jdk.debug" value="release"/>
    <property name="surefire.test.class.path" value="C:\Users\ever1\OneDrive\바탕 화면\sap_btp_java\integration-tests\target\test-classes;C:\Users\ever1\OneDrive\바탕 화면\sap_btp_java\integration-tests\target\classes;C:\Users\ever1\OneDrive\바탕 화면\sap_btp_java\application\target\firstapp-application.jar.original;C:\Users\ever1\.m2\repository\org\springframework\boot\spring-boot-starter-thymeleaf\2.6.7\spring-boot-starter-thymeleaf-2.6.7.jar;C:\Users\ever1\.m2\repository\org\springframework\boot\spring-boot-starter\2.6.7\spring-boot-starter-2.6.7.jar;C:\Users\ever1\.m2\repository\org\springframework\boot\spring-boot-starter-logging\2.6.7\spring-boot-starter-logging-2.6.7.jar;C:\Users\ever1\.m2\repository\org\apache\logging\log4j\log4j-to-slf4j\2.17.2\log4j-to-slf4j-2.17.2.jar;C:\Users\ever1\.m2\repository\org\apache\logging\log4j\log4j-api\2.17.2\log4j-api-2.17.2.jar;C:\Users\ever1\.m2\repository\org\slf4j\jul-to-slf4j\1.7.36\jul-to-slf4j-1.7.36.jar;C:\Users\ever1\.m2\repository\jakarta\annotation\jakarta.annotation-api\1.3.5\jakarta.annotation-api-1.3.5.jar;C:\Users\ever1\.m2\repository\org\yaml\snakeyaml\1.29\snakeyaml-1.29.jar;C:\Users\ever1\.m2\repository\org\thymeleaf\thymeleaf-spring5\3.0.15.RELEASE\thymeleaf-spring5-3.0.15.RELEASE.jar;C:\Users\ever1\.m2\repository\org\thymeleaf\thymeleaf\3.0.15.RELEASE\thymeleaf-3.0.15.RELEASE.jar;C:\Users\ever1\.m2\repository\org\attoparser\attoparser\2.0.5.RELEASE\attoparser-2.0.5.RELEASE.jar;C:\Users\ever1\.m2\repository\org\unbescape\unbescape\1.1.6.RELEASE\unbescape-1.1.6.RELEASE.jar;C:\Users\ever1\.m2\repository\org\thymeleaf\extras\thymeleaf-extras-java8time\3.0.4.RELEASE\thymeleaf-extras-java8time-3.0.4.RELEASE.jar;C:\Users\ever1\.m2\repository\com\sap\cloud\sdk\cloudplatform\scp-cf\3.71.0\scp-cf-3.71.0.jar;C:\Users\ever1\.m2\repository\com\sap\cloud\sdk\cloudplatform\auditlog-scp-cf\3.71.0\auditlog-scp-cf-3.71.0.jar;C:\Users\ever1\.m2\repository\com\sap\cloud\sdk\cloudplatform\cloudplatform-core\3.71.0\cloudplatform-core-3.71.0.jar;C:\Users\ever1\.m2\repository\com\sap\cloud\sdk\cloudplatform\auditlog\3.71.0\auditlog-3.71.0.jar;C:\Users\ever1\.m2\repository\com\fasterxml\jackson\core\jackson-core\2.13.3\jackson-core-2.13.3.jar;C:\Users\ever1\.m2\repository\com\google\code\findbugs\jsr305\3.0.2\jsr305-3.0.2.jar;C:\Users\ever1\.m2\repository\io\vavr\vavr\0.10.4\vavr-0.10.4.jar;C:\Users\ever1\.m2\repository\io\vavr\vavr-match\0.10.4\vavr-match-0.10.4.jar;C:\Users\ever1\.m2\repository\com\google\guava\guava\31.1-jre\guava-31.1-jre.jar;C:\Users\ever1\.m2\repository\com\google\guava\failureaccess\1.0.1\failureaccess-1.0.1.jar;C:\Users\ever1\.m2\repository\com\google\guava\listenablefuture\9999.0-empty-to-avoid-conflict-with-guava\listenablefuture-9999.0-empty-to-avoid-conflict-with-guava.jar;C:\Users\ever1\.m2\repository\com\google\j2objc\j2objc-annotations\1.3\j2objc-annotations-1.3.jar;C:\Users\ever1\.m2\repository\com\google\errorprone\error_prone_annotations\2.14.0\error_prone_annotations-2.14.0.jar;C:\Users\ever1\.m2\repository\com\sap\cloud\sdk\cloudplatform\caching\3.71.0\caching-3.71.0.jar;C:\Users\ever1\.m2\repository\com\sap\cloud\sdk\cloudplatform\security\3.71.0\security-3.71.0.jar;C:\Users\ever1\.m2\repository\com\sap\cloud\sdk\cloudplatform\tenant\3.71.0\tenant-3.71.0.jar;C:\Users\ever1\.m2\repository\com\github\ben-manes\caffeine\caffeine\2.9.3\caffeine-2.9.3.jar;C:\Users\ever1\.m2\repository\com\sap\cloud\sdk\cloudplatform\cloudplatform-core-scp-cf\3.71.0\cloudplatform-core-scp-cf-3.71.0.jar;C:\Users\ever1\.m2\repository\com\google\code\gson\gson\2.9.0\gson-2.9.0.jar;C:\Users\ever1\.m2\repository\com\mikesamuel\json-sanitizer\1.2.3\json-sanitizer-1.2.3.jar;C:\Users\ever1\.m2\repository\com\auth0\java-jwt\3.19.2\java-jwt-3.19.2.jar;C:\Users\ever1\.m2\repository\com\sap\cloud\sdk\cloudplatform\cloudplatform-connectivity-scp-cf\3.71.0\cloudplatform-connectivity-scp-cf-3.71.0.jar;C:\Users\ever1\.m2\repository\com\sap\cloud\sdk\cloudplatform\cloudplatform-connectivity\3.71.0\cloudplatform-connectivity-3.71.0.jar;C:\Users\ever1\.m2\repository\com\sap\cloud\sdk\cloudplatform\cloudplatform-connectivity-scp\3.71.0\cloudplatform-connectivity-scp-3.71.0.jar;C:\Users\ever1\.m2\repository\com\sap\cloud\sdk\cloudplatform\resilience\3.71.0\resilience-3.71.0.jar;C:\Users\ever1\.m2\repository\com\sap\cloud\sdk\frameworks\resilience4j\3.71.0\resilience4j-3.71.0.jar;C:\Users\ever1\.m2\repository\io\github\resilience4j\resilience4j-circuitbreaker\1.7.1\resilience4j-circuitbreaker-1.7.1.jar;C:\Users\ever1\.m2\repository\io\github\resilience4j\resilience4j-core\1.7.1\resilience4j-core-1.7.1.jar;C:\Users\ever1\.m2\repository\io\github\resilience4j\resilience4j-bulkhead\1.7.1\resilience4j-bulkhead-1.7.1.jar;C:\Users\ever1\.m2\repository\io\github\resilience4j\resilience4j-timelimiter\1.7.1\resilience4j-timelimiter-1.7.1.jar;C:\Users\ever1\.m2\repository\io\github\resilience4j\resilience4j-cache\1.7.1\resilience4j-cache-1.7.1.jar;C:\Users\ever1\.m2\repository\javax\cache\cache-api\1.1.1\cache-api-1.1.1.jar;C:\Users\ever1\.m2\repository\io\github\resilience4j\resilience4j-retry\1.7.1\resilience4j-retry-1.7.1.jar;C:\Users\ever1\.m2\repository\io\github\resilience4j\resilience4j-ratelimiter\1.7.1\resilience4j-ratelimiter-1.7.1.jar;C:\Users\ever1\.m2\repository\com\sap\cloud\security\xsuaa\token-client\2.12.1\token-client-2.12.1.jar;C:\Users\ever1\.m2\repository\com\sap\cloud\security\xsuaa\api\2.12.1\api-2.12.1.jar;C:\Users\ever1\.m2\repository\commons-io\commons-io\2.11.0\commons-io-2.11.0.jar;C:\Users\ever1\.m2\repository\org\apache\httpcomponents\httpcore\4.4.15\httpcore-4.4.15.jar;C:\Users\ever1\.m2\repository\org\apache\httpcomponents\httpclient\4.5.13\httpclient-4.5.13.jar;C:\Users\ever1\.m2\repository\org\apache\commons\commons-lang3\3.12.0\commons-lang3-3.12.0.jar;C:\Users\ever1\.m2\repository\com\jayway\jsonpath\json-path\2.7.0\json-path-2.7.0.jar;C:\Users\ever1\.m2\repository\net\minidev\json-smart\2.4.8\json-smart-2.4.8.jar;C:\Users\ever1\.m2\repository\net\minidev\accessors-smart\2.4.8\accessors-smart-2.4.8.jar;C:\Users\ever1\.m2\repository\com\sap\cloud\security\java-api\2.12.1\java-api-2.12.1.jar;C:\Users\ever1\.m2\repository\com\sap\cloud\sdk\cloudplatform\security-scp-cf\3.71.0\security-scp-cf-3.71.0.jar;C:\Users\ever1\.m2\repository\com\sap\cloud\security\java-security\2.12.1\java-security-2.12.1.jar;C:\Users\ever1\.m2\repository\com\sap\cloud\security\env\2.12.1\env-2.12.1.jar;C:\Users\ever1\.m2\repository\com\sap\cloud\sdk\cloudplatform\servlet\3.71.0\servlet-3.71.0.jar;C:\Users\ever1\.m2\repository\com\fasterxml\jackson\core\jackson-annotations\2.13.3\jackson-annotations-2.13.3.jar;C:\Users\ever1\.m2\repository\com\fasterxml\jackson\core\jackson-databind\2.13.3\jackson-databind-2.13.3.jar;C:\Users\ever1\.m2\repository\com\sap\cloud\sdk\cloudplatform\tenant-scp-cf\3.71.0\tenant-scp-cf-3.71.0.jar;C:\Users\ever1\.m2\repository\com\sap\cloud\sdk\cloudplatform\metering\3.71.0\metering-3.71.0.jar;C:\Users\ever1\.m2\repository\com\sap\cloud\sdk\s4hana\s4hana-all\3.71.0\s4hana-all-3.71.0.jar;C:\Users\ever1\.m2\repository\com\sap\cloud\sdk\s4hana\s4hana-core\3.71.0\s4hana-core-3.71.0.jar;C:\Users\ever1\.m2\repository\com\sap\cloud\sdk\datamodel\fluent-result\3.71.0\fluent-result-3.71.0.jar;C:\Users\ever1\.m2\repository\com\sap\cloud\sdk\s4hana\s4hana-connectivity\3.71.0\s4hana-connectivity-3.71.0.jar;C:\Users\ever1\.m2\repository\com\sap\cloud\sdk\s4hana\s4hana-api-odata\3.71.0\s4hana-api-odata-3.71.0.jar;C:\Users\ever1\.m2\repository\com\sap\cloud\sdk\datamodel\odata-core\3.71.0\odata-core-3.71.0.jar;C:\Users\ever1\.m2\repository\com\sap\cloud\servicesdk\odata-v2-lib\1.40.11\odata-v2-lib-1.40.11.jar;C:\Users\ever1\.m2\repository\com\sap\cloud\servicesdk\developer_license\1.40.11\developer_license-1.40.11.jar;C:\Users\ever1\.m2\repository\com\sap\cloud\sdk\s4hana\s4hana-api-odata-v4\3.71.0\s4hana-api-odata-v4-3.71.0.jar;C:\Users\ever1\.m2\repository\com\sap\cloud\sdk\datamodel\odata-v4-core\3.71.0\odata-v4-core-3.71.0.jar;C:\Users\ever1\.m2\repository\com\sap\cloud\sdk\datamodel\odata-client\3.71.0\odata-client-3.71.0.jar;C:\Users\ever1\.m2\repository\com\sap\cloud\sdk\datamodel\soap\3.71.0\soap-3.71.0.jar;C:\Users\ever1\.m2\repository\org\apache\axis2\axis2-adb\1.7.9\axis2-adb-1.7.9.jar;C:\Users\ever1\.m2\repository\org\apache\ws\commons\axiom\axiom-dom\1.2.21\axiom-dom-1.2.21.jar;C:\Users\ever1\.m2\repository\org\codehaus\woodstox\woodstox-core-asl\4.2.0\woodstox-core-asl-4.2.0.jar;C:\Users\ever1\.m2\repository\org\codehaus\woodstox\stax2-api\3.1.1\stax2-api-3.1.1.jar;C:\Users\ever1\.m2\repository\org\apache\axis2\axis2-transport-http\1.7.9\axis2-transport-http-1.7.9.jar;C:\Users\ever1\.m2\repository\org\apache\axis2\axis2-kernel\1.7.9\axis2-kernel-1.7.9.jar;C:\Users\ever1\.m2\repository\org\apache\ws\commons\axiom\axiom-api\1.2.21\axiom-api-1.2.21.jar;C:\Users\ever1\.m2\repository\org\apache\geronimo\specs\geronimo-activation_1.1_spec\1.1\geronimo-activation_1.1_spec-1.1.jar;C:\Users\ever1\.m2\repository\jaxen\jaxen\1.2.0\jaxen-1.2.0.jar;C:\Users\ever1\.m2\repository\org\apache\geronimo\specs\geronimo-stax-api_1.0_spec\1.0.1\geronimo-stax-api_1.0_spec-1.0.1.jar;C:\Users\ever1\.m2\repository\org\apache\james\apache-mime4j-core\0.7.2\apache-mime4j-core-0.7.2.jar;C:\Users\ever1\.m2\repository\org\apache\ws\commons\axiom\axiom-impl\1.2.21\axiom-impl-1.2.21.jar;C:\Users\ever1\.m2\repository\org\apache\geronimo\specs\geronimo-ws-metadata_2.0_spec\1.1.2\geronimo-ws-metadata_2.0_spec-1.1.2.jar;C:\Users\ever1\.m2\repository\org\apache\geronimo\specs\geronimo-jta_1.1_spec\1.1\geronimo-jta_1.1_spec-1.1.jar;C:\Users\ever1\.m2\repository\wsdl4j\wsdl4j\1.6.3\wsdl4j-1.6.3.jar;C:\Users\ever1\.m2\repository\org\apache\ws\xmlschema\xmlschema-core\2.2.1\xmlschema-core-2.2.1.jar;C:\Users\ever1\.m2\repository\org\apache\neethi\neethi\3.0.3\neethi-3.0.3.jar;C:\Users\ever1\.m2\repository\org\apache\woden\woden-core\1.0M10\woden-core-1.0M10.jar;C:\Users\ever1\.m2\repository\org\apache\axis2\axis2-transport-local\1.7.9\axis2-transport-local-1.7.9.jar;C:\Users\ever1\.m2\repository\com\sap\cloud\sdk\s4hana\rfc\3.71.0\rfc-3.71.0.jar;C:\Users\ever1\.m2\repository\com\sap\cloud\sdk\quality\common\3.71.0\common-3.71.0.jar;C:\Users\ever1\.m2\repository\org\apache\commons\commons-csv\1.9.0\commons-csv-1.9.0.jar;C:\Users\ever1\.m2\repository\org\json\json\20220320\json-20220320.jar;C:\Users\ever1\.m2\repository\com\sap\cloud\servicesdk\odatav2-connectivity-sdk3\1.40.11\odatav2-connectivity-sdk3-1.40.11.jar;C:\Users\ever1\.m2\repository\com\sap\cloud\servicesdk\jacksonutil-sdk3\1.40.11\jacksonutil-sdk3-1.40.11.jar;C:\Users\ever1\.m2\repository\joda-time\joda-time\2.9.9\joda-time-2.9.9.jar;C:\Users\ever1\.m2\repository\com\sap\cloud\servicesdk\prov\api\1.40.11\api-1.40.11.jar;C:\Users\ever1\.m2\repository\javax\transaction\javax.transaction-api\1.3\javax.transaction-api-1.3.jar;C:\Users\ever1\.m2\repository\commons-beanutils\commons-beanutils\1.9.4\commons-beanutils-1.9.4.jar;C:\Users\ever1\.m2\repository\commons-collections\commons-collections\3.2.2\commons-collections-3.2.2.jar;C:\Users\ever1\.m2\repository\com\sap\cds\cds4j-api\1.13.1\cds4j-api-1.13.1.jar;C:\Users\ever1\.m2\repository\org\projectlombok\lombok\1.18.24\lombok-1.18.24.jar;C:\Users\ever1\.m2\repository\com\sap\hcp\cf\logging\cf-java-logging-support-logback\3.6.2\cf-java-logging-support-logback-3.6.2.jar;C:\Users\ever1\.m2\repository\com\sap\hcp\cf\logging\cf-java-logging-support-core\3.6.2\cf-java-logging-support-core-3.6.2.jar;C:\Users\ever1\.m2\repository\com\fasterxml\jackson\jr\jackson-jr-objects\2.13.3\jackson-jr-objects-2.13.3.jar;C:\Users\ever1\.m2\repository\org\springframework\boot\spring-boot-starter-web\2.6.7\spring-boot-starter-web-2.6.7.jar;C:\Users\ever1\.m2\repository\org\springframework\boot\spring-boot-starter-json\2.6.7\spring-boot-starter-json-2.6.7.jar;C:\Users\ever1\.m2\repository\com\fasterxml\jackson\datatype\jackson-datatype-jdk8\2.13.3\jackson-datatype-jdk8-2.13.3.jar;C:\Users\ever1\.m2\repository\com\fasterxml\jackson\datatype\jackson-datatype-jsr310\2.13.3\jackson-datatype-jsr310-2.13.3.jar;C:\Users\ever1\.m2\repository\com\fasterxml\jackson\module\jackson-module-parameter-names\2.13.3\jackson-module-parameter-names-2.13.3.jar;C:\Users\ever1\.m2\repository\org\springframework\boot\spring-boot-starter-tomcat\2.6.7\spring-boot-starter-tomcat-2.6.7.jar;C:\Users\ever1\.m2\repository\org\apache\tomcat\embed\tomcat-embed-core\9.0.62\tomcat-embed-core-9.0.62.jar;C:\Users\ever1\.m2\repository\org\apache\tomcat\embed\tomcat-embed-el\9.0.62\tomcat-embed-el-9.0.62.jar;C:\Users\ever1\.m2\repository\org\apache\tomcat\embed\tomcat-embed-websocket\9.0.62\tomcat-embed-websocket-9.0.62.jar;C:\Users\ever1\.m2\repository\org\springframework\spring-web\5.3.20\spring-web-5.3.20.jar;C:\Users\ever1\.m2\repository\org\springframework\spring-webmvc\5.3.20\spring-webmvc-5.3.20.jar;C:\Users\ever1\.m2\repository\javax\inject\javax.inject\1\javax.inject-1.jar;C:\Users\ever1\.m2\repository\com\sap\cloud\sdk\plugins\usage-analytics-maven-plugin\3.10.0\usage-analytics-maven-plugin-3.10.0.jar;C:\Users\ever1\.m2\repository\org\apache\maven\maven-core\3.6.0\maven-core-3.6.0.jar;C:\Users\ever1\.m2\repository\org\apache\maven\maven-model\3.6.0\maven-model-3.6.0.jar;C:\Users\ever1\.m2\repository\org\apache\maven\maven-settings\3.6.0\maven-settings-3.6.0.jar;C:\Users\ever1\.m2\repository\org\apache\maven\maven-settings-builder\3.6.0\maven-settings-builder-3.6.0.jar;C:\Users\ever1\.m2\repository\org\codehaus\plexus\plexus-interpolation\1.25\plexus-interpolation-1.25.jar;C:\Users\ever1\.m2\repository\org\sonatype\plexus\plexus-sec-dispatcher\1.4\plexus-sec-dispatcher-1.4.jar;C:\Users\ever1\.m2\repository\org\sonatype\plexus\plexus-cipher\1.4\plexus-cipher-1.4.jar;C:\Users\ever1\.m2\repository\org\apache\maven\maven-builder-support\3.6.0\maven-builder-support-3.6.0.jar;C:\Users\ever1\.m2\repository\org\apache\maven\maven-repository-metadata\3.6.0\maven-repository-metadata-3.6.0.jar;C:\Users\ever1\.m2\repository\org\apache\maven\maven-artifact\3.6.0\maven-artifact-3.6.0.jar;C:\Users\ever1\.m2\repository\org\apache\maven\maven-model-builder\3.6.0\maven-model-builder-3.6.0.jar;C:\Users\ever1\.m2\repository\org\apache\maven\maven-resolver-provider\3.6.0\maven-resolver-provider-3.6.0.jar;C:\Users\ever1\.m2\repository\org\apache\maven\resolver\maven-resolver-impl\1.3.1\maven-resolver-impl-1.3.1.jar;C:\Users\ever1\.m2\repository\org\apache\maven\resolver\maven-resolver-api\1.3.1\maven-resolver-api-1.3.1.jar;C:\Users\ever1\.m2\repository\org\apache\maven\resolver\maven-resolver-spi\1.3.1\maven-resolver-spi-1.3.1.jar;C:\Users\ever1\.m2\repository\org\apache\maven\resolver\maven-resolver-util\1.3.1\maven-resolver-util-1.3.1.jar;C:\Users\ever1\.m2\repository\org\apache\maven\shared\maven-shared-utils\3.2.1\maven-shared-utils-3.2.1.jar;C:\Users\ever1\.m2\repository\org\eclipse\sisu\org.eclipse.sisu.plexus\0.3.3\org.eclipse.sisu.plexus-0.3.3.jar;C:\Users\ever1\.m2\repository\javax\enterprise\cdi-api\1.0\cdi-api-1.0.jar;C:\Users\ever1\.m2\repository\javax\annotation\jsr250-api\1.0\jsr250-api-1.0.jar;C:\Users\ever1\.m2\repository\org\eclipse\sisu\org.eclipse.sisu.inject\0.3.3\org.eclipse.sisu.inject-0.3.3.jar;C:\Users\ever1\.m2\repository\com\google\inject\guice\4.2.1\guice-4.2.1-no_aop.jar;C:\Users\ever1\.m2\repository\aopalliance\aopalliance\1.0\aopalliance-1.0.jar;C:\Users\ever1\.m2\repository\org\codehaus\plexus\plexus-utils\3.1.0\plexus-utils-3.1.0.jar;C:\Users\ever1\.m2\repository\org\codehaus\plexus\plexus-classworlds\2.5.2\plexus-classworlds-2.5.2.jar;C:\Users\ever1\.m2\repository\org\codehaus\plexus\plexus-component-annotations\1.7.1\plexus-component-annotations-1.7.1.jar;C:\Users\ever1\.m2\repository\org\apache\maven\maven-plugin-api\3.6.0\maven-plugin-api-3.6.0.jar;C:\Users\ever1\.m2\repository\com\sap\cloud\sdk\plugins\usage-analytics\3.71.0\usage-analytics-3.71.0.jar;C:\Users\ever1\.m2\repository\commons-codec\commons-codec\1.15\commons-codec-1.15.jar;C:\Users\ever1\.m2\repository\org\jdom\jdom2\2.0.6.1\jdom2-2.0.6.1.jar;C:\Users\ever1\.m2\repository\mysql\mysql-connector-java\8.0.28\mysql-connector-java-8.0.28.jar;C:\Users\ever1\.m2\repository\org\mybatis\spring\boot\mybatis-spring-boot-starter\1.3.2\mybatis-spring-boot-starter-1.3.2.jar;C:\Users\ever1\.m2\repository\org\springframework\boot\spring-boot-starter-jdbc\2.6.7\spring-boot-starter-jdbc-2.6.7.jar;C:\Users\ever1\.m2\repository\com\zaxxer\HikariCP\4.0.3\HikariCP-4.0.3.jar;C:\Users\ever1\.m2\repository\org\springframework\spring-jdbc\5.3.20\spring-jdbc-5.3.20.jar;C:\Users\ever1\.m2\repository\org\springframework\spring-tx\5.3.20\spring-tx-5.3.20.jar;C:\Users\ever1\.m2\repository\org\mybatis\spring\boot\mybatis-spring-boot-autoconfigure\1.3.2\mybatis-spring-boot-autoconfigure-1.3.2.jar;C:\Users\ever1\.m2\repository\org\mybatis\mybatis\3.4.6\mybatis-3.4.6.jar;C:\Users\ever1\.m2\repository\org\mybatis\mybatis-spring\1.3.2\mybatis-spring-1.3.2.jar;C:\Users\ever1\.m2\repository\junit\junit\4.13.2\junit-4.13.2.jar;C:\Users\ever1\.m2\repository\org\hamcrest\hamcrest-core\2.2\hamcrest-core-2.2.jar;C:\Users\ever1\.m2\repository\org\hamcrest\hamcrest\2.2\hamcrest-2.2.jar;C:\Users\ever1\.m2\repository\org\slf4j\slf4j-api\1.7.36\slf4j-api-1.7.36.jar;C:\Users\ever1\.m2\repository\org\slf4j\jcl-over-slf4j\1.7.36\jcl-over-slf4j-1.7.36.jar;C:\Users\ever1\.m2\repository\org\slf4j\slf4j-simple\1.7.36\slf4j-simple-1.7.36.jar;C:\Users\ever1\.m2\repository\org\springframework\spring-test\5.3.20\spring-test-5.3.20.jar;C:\Users\ever1\.m2\repository\org\springframework\spring-core\5.3.20\spring-core-5.3.20.jar;C:\Users\ever1\.m2\repository\org\springframework\spring-jcl\5.3.20\spring-jcl-5.3.20.jar;C:\Users\ever1\.m2\repository\org\springframework\boot\spring-boot-test\2.6.7\spring-boot-test-2.6.7.jar;C:\Users\ever1\.m2\repository\org\springframework\boot\spring-boot\2.6.7\spring-boot-2.6.7.jar;C:\Users\ever1\.m2\repository\org\springframework\spring-context\5.3.20\spring-context-5.3.20.jar;C:\Users\ever1\.m2\repository\org\springframework\boot\spring-boot-test-autoconfigure\2.6.7\spring-boot-test-autoconfigure-2.6.7.jar;C:\Users\ever1\.m2\repository\org\springframework\boot\spring-boot-autoconfigure\2.6.7\spring-boot-autoconfigure-2.6.7.jar;C:\Users\ever1\.m2\repository\org\springframework\security\spring-security-test\5.6.4\spring-security-test-5.6.4.jar;C:\Users\ever1\.m2\repository\org\springframework\security\spring-security-core\5.6.4\spring-security-core-5.6.4.jar;C:\Users\ever1\.m2\repository\org\springframework\security\spring-security-crypto\5.6.4\spring-security-crypto-5.6.4.jar;C:\Users\ever1\.m2\repository\org\springframework\spring-aop\5.3.20\spring-aop-5.3.20.jar;C:\Users\ever1\.m2\repository\org\springframework\spring-beans\5.3.20\spring-beans-5.3.20.jar;C:\Users\ever1\.m2\repository\org\springframework\spring-expression\5.3.20\spring-expression-5.3.20.jar;C:\Users\ever1\.m2\repository\org\springframework\security\spring-security-web\5.6.4\spring-security-web-5.6.4.jar;C:\Users\ever1\.m2\repository\org\skyscreamer\jsonassert\1.5.0\jsonassert-1.5.0.jar;"/>
    <property name="sun.cpu.endian" value="little"/>
    <property name="user.home" value="C:\Users\ever1"/>
    <property name="user.language" value="ko"/>
    <property name="java.specification.vendor" value="Oracle Corporation"/>
    <property name="java.version.date" value="2022-04-19"/>
    <property name="java.home" value="C:\Program Files\Java\jdk-11.0.15"/>
    <property name="file.separator" value="\"/>
    <property name="basedir" value="C:\Users\ever1\OneDrive\바탕 화면\sap_btp_java\integration-tests"/>
    <property name="java.vm.compressedOopsMode" value="32-bit"/>
    <property name="line.separator" value="&#10;"/>
    <property name="java.specification.name" value="Java Platform API Specification"/>
    <property name="java.vm.specification.vendor" value="Oracle Corporation"/>
    <property name="java.awt.graphicsenv" value="sun.awt.Win32GraphicsEnvironment"/>
    <property name="surefire.real.class.path" value="C:\Users\ever1\AppData\Local\Temp\surefire11847959430295060010\surefirebooter10006910085514495876.jar"/>
    <property name="user.script" value=""/>
    <property name="sun.management.compiler" value="HotSpot 64-Bit Tiered Compilers"/>
    <property name="java.runtime.version" value="11.0.15+8-LTS-149"/>
    <property name="user.name" value="이진호"/>
    <property name="path.separator" value=";"/>
    <property name="os.version" value="10.0"/>
    <property name="java.runtime.name" value="Java(TM) SE Runtime Environment"/>
    <property name="file.encoding" value="MS949"/>
    <property name="java.vm.name" value="Java HotSpot(TM) 64-Bit Server VM"/>
    <property name="java.vendor.version" value="18.9"/>
    <property name="localRepository" value="C:\Users\ever1\.m2\repository"/>
    <property name="java.vendor.url.bug" value="https://bugreport.java.com/bugreport/"/>
    <property name="java.io.tmpdir" value="C:\Users\ever1\AppData\Local\Temp\"/>
    <property name="java.version" value="11.0.15"/>
    <property name="user.dir" value="C:\Users\ever1\OneDrive\바탕 화면\sap_btp_java\integration-tests"/>
    <property name="os.arch" value="amd64"/>
    <property name="surefire.forkDir" value="C:\Users\ever1\OneDrive\바탕 화면\sap_btp_java\integration-tests\target/surefire-fork/1/"/>
    <property name="java.vm.specification.name" value="Java Virtual Machine Specification"/>
    <property name="java.awt.printerjob" value="sun.awt.windows.WPrinterJob"/>
    <property name="sun.os.patch.level" value=""/>
    <property name="org.slf4j.simpleLogger.defaultLogLevel" value="info"/>
    <property name="java.library.path" value="C:\Program Files\Java\jdk-11.0.15\bin;C:\WINDOWS\Sun\Java\bin;C:\WINDOWS\system32;C:\WINDOWS;%MAVEN_HOME%\bin;C:\Program Files\Cloud Foundry;%JAVA_HOME%bin\;C:\Program Files\MySQL\MySQL Shell 8.0\bin\;C:\Users\ever1\AppData\Local\Microsoft\WindowsApps;C:\Users\ever1\AppData\Local\Programs\Microsoft VS Code\bin;C:\Users\ever1\AppData\Roaming\npm;C:\Program Files(x86)\nodejs;C:\Users\ever1\AppData\Local\Yarn\bin;C:\Program Files\JetBrains\IntelliJ IDEA 2022.1.2\bin;;C:\maven\bin;C:\Program Files\Java\jdk-11.0.15;;."/>
    <property name="java.vendor" value="Oracle Corporation"/>
    <property name="java.vm.info" value="mixed mode"/>
    <property name="java.vm.version" value="11.0.15+8-LTS-149"/>
    <property name="sun.io.unicode.encoding" value="UnicodeLittle"/>
    <property name="java.class.version" value="55.0"/>
  </properties>
  <testcase name="test" classname="beaconkorea.HelloWorldControllerTest" time="0.721">
    <failure message="Status expected:&lt;200&gt; but was:&lt;404&gt;" type="java.lang.AssertionError"><![CDATA[java.lang.AssertionError: Status expected:<200> but was:<404>
	at beaconkorea.HelloWorldControllerTest.lambda$test$0(HelloWorldControllerTest.java:66)
	at beaconkorea.HelloWorldControllerTest.test(HelloWorldControllerTest.java:62)
]]></failure>
    <system-out><![CDATA[
  .   ____          _            __ _ _
 /\\ / ___'_ __ _ _(_)_ __  __ _ \ \ \ \
( ( )\___ | '_ | '_| | '_ \/ _` | \ \ \ \
 \\/  ___)| |_)| | | | | || (_| |  ) ) ) )
  '  |____| .__|_| |_|_| |_\__, | / / / /
 =========|_|==============|___/=/_/_/_/
 :: Spring Boot ::                (v2.6.7)


MockHttpServletRequest:
      HTTP Method = GET
      Request URI = /hello
       Parameters = {}
          Headers = []
             Body = null
    Session Attrs = {}

Handler:
             Type = org.springframework.web.servlet.resource.ResourceHttpRequestHandler

Async:
    Async started = false
     Async result = null

Resolved Exception:
             Type = null

ModelAndView:
        View name = null
             View = null
            Model = null

FlashMap:
       Attributes = null

MockHttpServletResponse:
           Status = 404
    Error message = null
          Headers = [Vary:"Origin", "Access-Control-Request-Method", "Access-Control-Request-Headers"]
     Content type = null
             Body = 
    Forwarded URL = null
   Redirected URL = null
          Cookies = []
]]></system-out>
    <system-err><![CDATA[[main] INFO org.springframework.boot.test.context.SpringBootTestContextBootstrapper - Neither @ContextConfiguration nor @ContextHierarchy found for test class [beaconkorea.HelloWorldControllerTest], using SpringBootContextLoader
[main] INFO org.springframework.test.context.support.AbstractContextLoader - Could not detect default resource locations for test class [beaconkorea.HelloWorldControllerTest]: no resource found for suffixes {-context.xml, Context.groovy}.
[main] INFO org.springframework.test.context.support.AnnotationConfigContextLoaderUtils - Could not detect default configuration classes for test class [beaconkorea.HelloWorldControllerTest]: HelloWorldControllerTest does not declare any static, non-private, non-final, nested classes annotated with @Configuration.
[main] INFO org.springframework.boot.test.context.SpringBootTestContextBootstrapper - Found @SpringBootConfiguration beaconkorea.Application for test class beaconkorea.HelloWorldControllerTest
[main] INFO org.springframework.boot.test.context.SpringBootTestContextBootstrapper - Loaded default TestExecutionListener class names from location [META-INF/spring.factories]: [org.springframework.test.context.web.ServletTestExecutionListener, org.springframework.test.context.support.DirtiesContextBeforeModesTestExecutionListener, org.springframework.test.context.event.ApplicationEventsTestExecutionListener, org.springframework.test.context.support.DependencyInjectionTestExecutionListener, org.springframework.test.context.support.DirtiesContextTestExecutionListener, org.springframework.test.context.transaction.TransactionalTestExecutionListener, org.springframework.test.context.jdbc.SqlScriptsTestExecutionListener, org.springframework.test.context.event.EventPublishingTestExecutionListener, org.springframework.boot.test.mock.mockito.MockitoTestExecutionListener, org.springframework.boot.test.mock.mockito.ResetMocksTestExecutionListener, org.springframework.boot.test.autoconfigure.restdocs.RestDocsTestExecutionListener, org.springframework.boot.test.autoconfigure.web.client.MockRestServiceServerResetTestExecutionListener, org.springframework.boot.test.autoconfigure.web.servlet.MockMvcPrintOnlyOnFailureTestExecutionListener, org.springframework.boot.test.autoconfigure.web.servlet.WebDriverTestExecutionListener, org.springframework.boot.test.autoconfigure.webservices.client.MockWebServiceServerTestExecutionListener, org.springframework.security.test.context.support.WithSecurityContextTestExecutionListener, org.springframework.security.test.context.support.ReactorContextTestExecutionListener]
[main] INFO org.springframework.boot.test.context.SpringBootTestContextBootstrapper - Using TestExecutionListeners: [org.springframework.test.context.web.ServletTestExecutionListener@39f93225, org.springframework.test.context.support.DirtiesContextBeforeModesTestExecutionListener@24b3f778, org.springframework.test.context.event.ApplicationEventsTestExecutionListener@164dea80, org.springframework.boot.test.mock.mockito.MockitoTestExecutionListener@4392362c, org.springframework.boot.test.autoconfigure.SpringBootDependencyInjectionTestExecutionListener@338a4c61, org.springframework.test.context.support.DirtiesContextTestExecutionListener@839755f, org.springframework.test.context.transaction.TransactionalTestExecutionListener@71d99732, org.springframework.test.context.jdbc.SqlScriptsTestExecutionListener@2328ec73, org.springframework.test.context.event.EventPublishingTestExecutionListener@42a05533, org.springframework.security.test.context.support.WithSecurityContextTestExecutionListener@17053b5, org.springframework.security.test.context.support.ReactorContextTestExecutionListener@3cad24ae, org.springframework.boot.test.mock.mockito.ResetMocksTestExecutionListener@58021c3c, org.springframework.boot.test.autoconfigure.restdocs.RestDocsTestExecutionListener@18cbc3c2, org.springframework.boot.test.autoconfigure.web.client.MockRestServiceServerResetTestExecutionListener@1b25d695, org.springframework.boot.test.autoconfigure.web.servlet.MockMvcPrintOnlyOnFailureTestExecutionListener@4ef8090b, org.springframework.boot.test.autoconfigure.web.servlet.WebDriverTestExecutionListener@6d31f14, org.springframework.boot.test.autoconfigure.webservices.client.MockWebServiceServerTestExecutionListener@404009df]
[main] INFO beaconkorea.HelloWorldControllerTest - Starting HelloWorldControllerTest using Java 11.0.15 on LAPTOP-JUO1E3NK with PID 39792 (started by 이진호 in C:\Users\ever1\OneDrive\바탕 화면\sap_btp_java\integration-tests)
[main] INFO beaconkorea.HelloWorldControllerTest - No active profile set, falling back to 1 default profile: "default"
[main] INFO org.springframework.boot.autoconfigure.web.servlet.WelcomePageHandlerMapping - Adding welcome page: class path resource [static/index.html]
[main] INFO org.springframework.boot.test.mock.web.SpringBootMockServletContext - Initializing Spring TestDispatcherServlet ''
[main] INFO org.springframework.test.web.servlet.TestDispatcherServlet - Initializing Servlet ''
[main] INFO org.springframework.test.web.servlet.TestDispatcherServlet - Completed initialization in 0 ms
[main] INFO beaconkorea.HelloWorldControllerTest - Started HelloWorldControllerTest in 31.965 seconds (JVM running for 35.356)
[main] WARN com.sap.cloud.sdk.cloudplatform.security.DefaultAuthTokenFacade - Could not find any OAuth2 based service bindings.
]]></system-err>
  </testcase>
</testsuite>