<?xml version="1.0" encoding="UTF-8"?>
<testsuite xmlns:xsi="http://www.w3.org/2001/XMLSchema-instance" xsi:noNamespaceSchemaLocation="https://maven.apache.org/surefire/maven-surefire-plugin/xsd/surefire-test-report-3.0.xsd" version="3.0" name="beaconkorea.UnitTest" time="0.084" tests="1" errors="0" skipped="0" failures="0">
  <properties>
    <property name="java.specification.version" value="18"/>
    <property name="sun.jnu.encoding" value="UTF-8"/>
    <property name="java.class.path" value="/Users/jinho/Desktop/btp_java/firstapp/application/target/test-classes:/Users/jinho/Desktop/btp_java/firstapp/application/target/classes:/Users/jinho/.m2/repository/org/springframework/boot/spring-boot-starter-thymeleaf/2.6.7/spring-boot-starter-thymeleaf-2.6.7.jar:/Users/jinho/.m2/repository/org/springframework/boot/spring-boot-starter/2.6.7/spring-boot-starter-2.6.7.jar:/Users/jinho/.m2/repository/org/springframework/boot/spring-boot/2.6.7/spring-boot-2.6.7.jar:/Users/jinho/.m2/repository/org/springframework/boot/spring-boot-autoconfigure/2.6.7/spring-boot-autoconfigure-2.6.7.jar:/Users/jinho/.m2/repository/org/springframework/boot/spring-boot-starter-logging/2.6.7/spring-boot-starter-logging-2.6.7.jar:/Users/jinho/.m2/repository/org/apache/logging/log4j/log4j-to-slf4j/2.17.2/log4j-to-slf4j-2.17.2.jar:/Users/jinho/.m2/repository/org/apache/logging/log4j/log4j-api/2.17.2/log4j-api-2.17.2.jar:/Users/jinho/.m2/repository/org/slf4j/jul-to-slf4j/1.7.36/jul-to-slf4j-1.7.36.jar:/Users/jinho/.m2/repository/jakarta/annotation/jakarta.annotation-api/1.3.5/jakarta.annotation-api-1.3.5.jar:/Users/jinho/.m2/repository/org/springframework/spring-core/5.3.20/spring-core-5.3.20.jar:/Users/jinho/.m2/repository/org/springframework/spring-jcl/5.3.20/spring-jcl-5.3.20.jar:/Users/jinho/.m2/repository/org/yaml/snakeyaml/1.29/snakeyaml-1.29.jar:/Users/jinho/.m2/repository/org/thymeleaf/thymeleaf-spring5/3.0.15.RELEASE/thymeleaf-spring5-3.0.15.RELEASE.jar:/Users/jinho/.m2/repository/org/thymeleaf/thymeleaf/3.0.15.RELEASE/thymeleaf-3.0.15.RELEASE.jar:/Users/jinho/.m2/repository/org/attoparser/attoparser/2.0.5.RELEASE/attoparser-2.0.5.RELEASE.jar:/Users/jinho/.m2/repository/org/unbescape/unbescape/1.1.6.RELEASE/unbescape-1.1.6.RELEASE.jar:/Users/jinho/.m2/repository/org/thymeleaf/extras/thymeleaf-extras-java8time/3.0.4.RELEASE/thymeleaf-extras-java8time-3.0.4.RELEASE.jar:/Users/jinho/.m2/repository/com/sap/cloud/sdk/cloudplatform/scp-cf/3.71.0/scp-cf-3.71.0.jar:/Users/jinho/.m2/repository/com/sap/cloud/sdk/cloudplatform/auditlog-scp-cf/3.71.0/auditlog-scp-cf-3.71.0.jar:/Users/jinho/.m2/repository/com/sap/cloud/sdk/cloudplatform/cloudplatform-core/3.71.0/cloudplatform-core-3.71.0.jar:/Users/jinho/.m2/repository/com/sap/cloud/sdk/cloudplatform/auditlog/3.71.0/auditlog-3.71.0.jar:/Users/jinho/.m2/repository/com/fasterxml/jackson/core/jackson-core/2.13.3/jackson-core-2.13.3.jar:/Users/jinho/.m2/repository/com/google/code/findbugs/jsr305/3.0.2/jsr305-3.0.2.jar:/Users/jinho/.m2/repository/io/vavr/vavr/0.10.4/vavr-0.10.4.jar:/Users/jinho/.m2/repository/io/vavr/vavr-match/0.10.4/vavr-match-0.10.4.jar:/Users/jinho/.m2/repository/com/google/guava/guava/31.1-jre/guava-31.1-jre.jar:/Users/jinho/.m2/repository/com/google/guava/failureaccess/1.0.1/failureaccess-1.0.1.jar:/Users/jinho/.m2/repository/com/google/guava/listenablefuture/9999.0-empty-to-avoid-conflict-with-guava/listenablefuture-9999.0-empty-to-avoid-conflict-with-guava.jar:/Users/jinho/.m2/repository/com/google/j2objc/j2objc-annotations/1.3/j2objc-annotations-1.3.jar:/Users/jinho/.m2/repository/com/google/errorprone/error_prone_annotations/2.14.0/error_prone_annotations-2.14.0.jar:/Users/jinho/.m2/repository/com/sap/cloud/sdk/cloudplatform/caching/3.71.0/caching-3.71.0.jar:/Users/jinho/.m2/repository/com/sap/cloud/sdk/cloudplatform/security/3.71.0/security-3.71.0.jar:/Users/jinho/.m2/repository/com/sap/cloud/sdk/cloudplatform/tenant/3.71.0/tenant-3.71.0.jar:/Users/jinho/.m2/repository/com/github/ben-manes/caffeine/caffeine/2.9.3/caffeine-2.9.3.jar:/Users/jinho/.m2/repository/com/sap/cloud/sdk/cloudplatform/cloudplatform-core-scp-cf/3.71.0/cloudplatform-core-scp-cf-3.71.0.jar:/Users/jinho/.m2/repository/com/google/code/gson/gson/2.9.0/gson-2.9.0.jar:/Users/jinho/.m2/repository/com/mikesamuel/json-sanitizer/1.2.3/json-sanitizer-1.2.3.jar:/Users/jinho/.m2/repository/com/auth0/java-jwt/3.19.2/java-jwt-3.19.2.jar:/Users/jinho/.m2/repository/com/sap/cloud/sdk/cloudplatform/cloudplatform-connectivity-scp-cf/3.71.0/cloudplatform-connectivity-scp-cf-3.71.0.jar:/Users/jinho/.m2/repository/com/sap/cloud/sdk/cloudplatform/cloudplatform-connectivity/3.71.0/cloudplatform-connectivity-3.71.0.jar:/Users/jinho/.m2/repository/com/sap/cloud/sdk/cloudplatform/cloudplatform-connectivity-scp/3.71.0/cloudplatform-connectivity-scp-3.71.0.jar:/Users/jinho/.m2/repository/com/sap/cloud/sdk/cloudplatform/resilience/3.71.0/resilience-3.71.0.jar:/Users/jinho/.m2/repository/com/sap/cloud/sdk/frameworks/resilience4j/3.71.0/resilience4j-3.71.0.jar:/Users/jinho/.m2/repository/io/github/resilience4j/resilience4j-circuitbreaker/1.7.1/resilience4j-circuitbreaker-1.7.1.jar:/Users/jinho/.m2/repository/io/github/resilience4j/resilience4j-core/1.7.1/resilience4j-core-1.7.1.jar:/Users/jinho/.m2/repository/io/github/resilience4j/resilience4j-bulkhead/1.7.1/resilience4j-bulkhead-1.7.1.jar:/Users/jinho/.m2/repository/io/github/resilience4j/resilience4j-timelimiter/1.7.1/resilience4j-timelimiter-1.7.1.jar:/Users/jinho/.m2/repository/io/github/resilience4j/resilience4j-cache/1.7.1/resilience4j-cache-1.7.1.jar:/Users/jinho/.m2/repository/javax/cache/cache-api/1.1.1/cache-api-1.1.1.jar:/Users/jinho/.m2/repository/io/github/resilience4j/resilience4j-retry/1.7.1/resilience4j-retry-1.7.1.jar:/Users/jinho/.m2/repository/io/github/resilience4j/resilience4j-ratelimiter/1.7.1/resilience4j-ratelimiter-1.7.1.jar:/Users/jinho/.m2/repository/com/sap/cloud/security/xsuaa/token-client/2.12.1/token-client-2.12.1.jar:/Users/jinho/.m2/repository/com/sap/cloud/security/xsuaa/api/2.12.1/api-2.12.1.jar:/Users/jinho/.m2/repository/commons-io/commons-io/2.11.0/commons-io-2.11.0.jar:/Users/jinho/.m2/repository/org/apache/httpcomponents/httpcore/4.4.15/httpcore-4.4.15.jar:/Users/jinho/.m2/repository/org/apache/httpcomponents/httpclient/4.5.13/httpclient-4.5.13.jar:/Users/jinho/.m2/repository/commons-codec/commons-codec/1.15/commons-codec-1.15.jar:/Users/jinho/.m2/repository/org/apache/commons/commons-lang3/3.12.0/commons-lang3-3.12.0.jar:/Users/jinho/.m2/repository/com/jayway/jsonpath/json-path/2.7.0/json-path-2.7.0.jar:/Users/jinho/.m2/repository/net/minidev/json-smart/2.4.8/json-smart-2.4.8.jar:/Users/jinho/.m2/repository/net/minidev/accessors-smart/2.4.8/accessors-smart-2.4.8.jar:/Users/jinho/.m2/repository/com/sap/cloud/security/java-api/2.12.1/java-api-2.12.1.jar:/Users/jinho/.m2/repository/com/sap/cloud/sdk/cloudplatform/security-scp-cf/3.71.0/security-scp-cf-3.71.0.jar:/Users/jinho/.m2/repository/com/sap/cloud/security/java-security/2.12.1/java-security-2.12.1.jar:/Users/jinho/.m2/repository/com/sap/cloud/security/env/2.12.1/env-2.12.1.jar:/Users/jinho/.m2/repository/com/sap/cloud/sdk/cloudplatform/servlet/3.71.0/servlet-3.71.0.jar:/Users/jinho/.m2/repository/com/fasterxml/jackson/core/jackson-annotations/2.13.3/jackson-annotations-2.13.3.jar:/Users/jinho/.m2/repository/com/fasterxml/jackson/core/jackson-databind/2.13.3/jackson-databind-2.13.3.jar:/Users/jinho/.m2/repository/com/sap/cloud/sdk/cloudplatform/tenant-scp-cf/3.71.0/tenant-scp-cf-3.71.0.jar:/Users/jinho/.m2/repository/com/sap/cloud/sdk/cloudplatform/metering/3.71.0/metering-3.71.0.jar:/Users/jinho/.m2/repository/com/sap/cloud/sdk/s4hana/s4hana-all/3.71.0/s4hana-all-3.71.0.jar:/Users/jinho/.m2/repository/com/sap/cloud/sdk/s4hana/s4hana-core/3.71.0/s4hana-core-3.71.0.jar:/Users/jinho/.m2/repository/com/sap/cloud/sdk/datamodel/fluent-result/3.71.0/fluent-result-3.71.0.jar:/Users/jinho/.m2/repository/com/sap/cloud/sdk/s4hana/s4hana-connectivity/3.71.0/s4hana-connectivity-3.71.0.jar:/Users/jinho/.m2/repository/com/sap/cloud/sdk/s4hana/s4hana-api-odata/3.71.0/s4hana-api-odata-3.71.0.jar:/Users/jinho/.m2/repository/com/sap/cloud/sdk/datamodel/odata-core/3.71.0/odata-core-3.71.0.jar:/Users/jinho/.m2/repository/com/sap/cloud/servicesdk/odata-v2-lib/1.40.11/odata-v2-lib-1.40.11.jar:/Users/jinho/.m2/repository/com/sap/cloud/servicesdk/developer_license/1.40.11/developer_license-1.40.11.jar:/Users/jinho/.m2/repository/com/sap/cloud/sdk/s4hana/s4hana-api-odata-v4/3.71.0/s4hana-api-odata-v4-3.71.0.jar:/Users/jinho/.m2/repository/com/sap/cloud/sdk/datamodel/odata-v4-core/3.71.0/odata-v4-core-3.71.0.jar:/Users/jinho/.m2/repository/com/sap/cloud/sdk/datamodel/odata-client/3.71.0/odata-client-3.71.0.jar:/Users/jinho/.m2/repository/com/sap/cloud/sdk/datamodel/soap/3.71.0/soap-3.71.0.jar:/Users/jinho/.m2/repository/org/apache/axis2/axis2-adb/1.7.9/axis2-adb-1.7.9.jar:/Users/jinho/.m2/repository/org/apache/ws/commons/axiom/axiom-dom/1.2.21/axiom-dom-1.2.21.jar:/Users/jinho/.m2/repository/org/codehaus/woodstox/woodstox-core-asl/4.2.0/woodstox-core-asl-4.2.0.jar:/Users/jinho/.m2/repository/org/codehaus/woodstox/stax2-api/3.1.1/stax2-api-3.1.1.jar:/Users/jinho/.m2/repository/org/apache/axis2/axis2-transport-http/1.7.9/axis2-transport-http-1.7.9.jar:/Users/jinho/.m2/repository/org/apache/axis2/axis2-kernel/1.7.9/axis2-kernel-1.7.9.jar:/Users/jinho/.m2/repository/org/apache/ws/commons/axiom/axiom-api/1.2.21/axiom-api-1.2.21.jar:/Users/jinho/.m2/repository/org/apache/geronimo/specs/geronimo-activation_1.1_spec/1.1/geronimo-activation_1.1_spec-1.1.jar:/Users/jinho/.m2/repository/jaxen/jaxen/1.2.0/jaxen-1.2.0.jar:/Users/jinho/.m2/repository/org/apache/geronimo/specs/geronimo-stax-api_1.0_spec/1.0.1/geronimo-stax-api_1.0_spec-1.0.1.jar:/Users/jinho/.m2/repository/org/apache/james/apache-mime4j-core/0.7.2/apache-mime4j-core-0.7.2.jar:/Users/jinho/.m2/repository/org/apache/ws/commons/axiom/axiom-impl/1.2.21/axiom-impl-1.2.21.jar:/Users/jinho/.m2/repository/org/apache/geronimo/specs/geronimo-ws-metadata_2.0_spec/1.1.2/geronimo-ws-metadata_2.0_spec-1.1.2.jar:/Users/jinho/.m2/repository/org/apache/geronimo/specs/geronimo-jta_1.1_spec/1.1/geronimo-jta_1.1_spec-1.1.jar:/Users/jinho/.m2/repository/wsdl4j/wsdl4j/1.6.3/wsdl4j-1.6.3.jar:/Users/jinho/.m2/repository/org/apache/ws/xmlschema/xmlschema-core/2.2.1/xmlschema-core-2.2.1.jar:/Users/jinho/.m2/repository/org/apache/neethi/neethi/3.0.3/neethi-3.0.3.jar:/Users/jinho/.m2/repository/org/apache/woden/woden-core/1.0M10/woden-core-1.0M10.jar:/Users/jinho/.m2/repository/org/apache/axis2/axis2-transport-local/1.7.9/axis2-transport-local-1.7.9.jar:/Users/jinho/.m2/repository/com/sap/cloud/sdk/s4hana/rfc/3.71.0/rfc-3.71.0.jar:/Users/jinho/.m2/repository/com/sap/cloud/sdk/quality/common/3.71.0/common-3.71.0.jar:/Users/jinho/.m2/repository/org/apache/commons/commons-csv/1.9.0/commons-csv-1.9.0.jar:/Users/jinho/.m2/repository/org/json/json/20220320/json-20220320.jar:/Users/jinho/.m2/repository/com/sap/cloud/servicesdk/odatav2-connectivity-sdk3/1.40.11/odatav2-connectivity-sdk3-1.40.11.jar:/Users/jinho/.m2/repository/com/sap/cloud/servicesdk/jacksonutil-sdk3/1.40.11/jacksonutil-sdk3-1.40.11.jar:/Users/jinho/.m2/repository/joda-time/joda-time/2.9.9/joda-time-2.9.9.jar:/Users/jinho/.m2/repository/com/sap/cloud/servicesdk/prov/api/1.40.11/api-1.40.11.jar:/Users/jinho/.m2/repository/javax/transaction/javax.transaction-api/1.3/javax.transaction-api-1.3.jar:/Users/jinho/.m2/repository/commons-beanutils/commons-beanutils/1.9.4/commons-beanutils-1.9.4.jar:/Users/jinho/.m2/repository/commons-collections/commons-collections/3.2.2/commons-collections-3.2.2.jar:/Users/jinho/.m2/repository/com/sap/cds/cds4j-api/1.13.1/cds4j-api-1.13.1.jar:/Users/jinho/.m2/repository/org/projectlombok/lombok/1.18.22/lombok-1.18.22.jar:/Users/jinho/.m2/repository/org/slf4j/slf4j-api/1.7.36/slf4j-api-1.7.36.jar:/Users/jinho/.m2/repository/org/slf4j/jcl-over-slf4j/1.7.36/jcl-over-slf4j-1.7.36.jar:/Users/jinho/.m2/repository/ch/qos/logback/logback-classic/1.2.11/logback-classic-1.2.11.jar:/Users/jinho/.m2/repository/ch/qos/logback/logback-core/1.2.11/logback-core-1.2.11.jar:/Users/jinho/.m2/repository/com/sap/hcp/cf/logging/cf-java-logging-support-logback/3.6.2/cf-java-logging-support-logback-3.6.2.jar:/Users/jinho/.m2/repository/com/sap/hcp/cf/logging/cf-java-logging-support-core/3.6.2/cf-java-logging-support-core-3.6.2.jar:/Users/jinho/.m2/repository/com/fasterxml/jackson/jr/jackson-jr-objects/2.13.3/jackson-jr-objects-2.13.3.jar:/Users/jinho/.m2/repository/org/springframework/boot/spring-boot-starter-web/2.6.7/spring-boot-starter-web-2.6.7.jar:/Users/jinho/.m2/repository/org/springframework/boot/spring-boot-starter-json/2.6.7/spring-boot-starter-json-2.6.7.jar:/Users/jinho/.m2/repository/com/fasterxml/jackson/datatype/jackson-datatype-jdk8/2.13.3/jackson-datatype-jdk8-2.13.3.jar:/Users/jinho/.m2/repository/com/fasterxml/jackson/datatype/jackson-datatype-jsr310/2.13.3/jackson-datatype-jsr310-2.13.3.jar:/Users/jinho/.m2/repository/com/fasterxml/jackson/module/jackson-module-parameter-names/2.13.3/jackson-module-parameter-names-2.13.3.jar:/Users/jinho/.m2/repository/org/springframework/boot/spring-boot-starter-tomcat/2.6.7/spring-boot-starter-tomcat-2.6.7.jar:/Users/jinho/.m2/repository/org/apache/tomcat/embed/tomcat-embed-core/9.0.62/tomcat-embed-core-9.0.62.jar:/Users/jinho/.m2/repository/org/apache/tomcat/embed/tomcat-embed-el/9.0.62/tomcat-embed-el-9.0.62.jar:/Users/jinho/.m2/repository/org/apache/tomcat/embed/tomcat-embed-websocket/9.0.62/tomcat-embed-websocket-9.0.62.jar:/Users/jinho/.m2/repository/org/springframework/spring-web/5.3.20/spring-web-5.3.20.jar:/Users/jinho/.m2/repository/org/springframework/spring-beans/5.3.20/spring-beans-5.3.20.jar:/Users/jinho/.m2/repository/org/springframework/spring-webmvc/5.3.20/spring-webmvc-5.3.20.jar:/Users/jinho/.m2/repository/org/springframework/spring-aop/5.3.20/spring-aop-5.3.20.jar:/Users/jinho/.m2/repository/org/springframework/spring-context/5.3.20/spring-context-5.3.20.jar:/Users/jinho/.m2/repository/org/springframework/spring-expression/5.3.20/spring-expression-5.3.20.jar:/Users/jinho/.m2/repository/javax/inject/javax.inject/1/javax.inject-1.jar:/Users/jinho/.m2/repository/org/slf4j/slf4j-simple/1.7.36/slf4j-simple-1.7.36.jar:/Users/jinho/.m2/repository/junit/junit/4.13.2/junit-4.13.2.jar:/Users/jinho/.m2/repository/org/hamcrest/hamcrest-core/2.2/hamcrest-core-2.2.jar:/Users/jinho/.m2/repository/org/hamcrest/hamcrest/2.2/hamcrest-2.2.jar:"/>
    <property name="java.vm.vendor" value="Homebrew"/>
    <property name="sun.arch.data.model" value="64"/>
    <property name="java.vendor.url" value="https://github.com/Homebrew/homebrew-core/issues"/>
    <property name="os.name" value="Mac OS X"/>
    <property name="java.vm.specification.version" value="18"/>
    <property name="sun.java.launcher" value="SUN_STANDARD"/>
    <property name="user.country" value="KR"/>
    <property name="sun.boot.library.path" value="/usr/local/Cellar/openjdk/18.0.1.1/libexec/openjdk.jdk/Contents/Home/lib"/>
    <property name="sun.java.command" value="/Users/jinho/Desktop/btp_java/firstapp/application/target/surefire/surefirebooter12429532494851652721.jar /Users/jinho/Desktop/btp_java/firstapp/application/target/surefire 2022-07-11T20-47-19_947-jvmRun1 surefire6294406323118852637tmp surefire_07426017277841223772tmp"/>
    <property name="http.nonProxyHosts" value="local|*.local|169.254/16|*.169.254/16"/>
    <property name="jdk.debug" value="release"/>
    <property name="surefire.test.class.path" value="/Users/jinho/Desktop/btp_java/firstapp/application/target/test-classes:/Users/jinho/Desktop/btp_java/firstapp/application/target/classes:/Users/jinho/.m2/repository/org/springframework/boot/spring-boot-starter-thymeleaf/2.6.7/spring-boot-starter-thymeleaf-2.6.7.jar:/Users/jinho/.m2/repository/org/springframework/boot/spring-boot-starter/2.6.7/spring-boot-starter-2.6.7.jar:/Users/jinho/.m2/repository/org/springframework/boot/spring-boot/2.6.7/spring-boot-2.6.7.jar:/Users/jinho/.m2/repository/org/springframework/boot/spring-boot-autoconfigure/2.6.7/spring-boot-autoconfigure-2.6.7.jar:/Users/jinho/.m2/repository/org/springframework/boot/spring-boot-starter-logging/2.6.7/spring-boot-starter-logging-2.6.7.jar:/Users/jinho/.m2/repository/org/apache/logging/log4j/log4j-to-slf4j/2.17.2/log4j-to-slf4j-2.17.2.jar:/Users/jinho/.m2/repository/org/apache/logging/log4j/log4j-api/2.17.2/log4j-api-2.17.2.jar:/Users/jinho/.m2/repository/org/slf4j/jul-to-slf4j/1.7.36/jul-to-slf4j-1.7.36.jar:/Users/jinho/.m2/repository/jakarta/annotation/jakarta.annotation-api/1.3.5/jakarta.annotation-api-1.3.5.jar:/Users/jinho/.m2/repository/org/springframework/spring-core/5.3.20/spring-core-5.3.20.jar:/Users/jinho/.m2/repository/org/springframework/spring-jcl/5.3.20/spring-jcl-5.3.20.jar:/Users/jinho/.m2/repository/org/yaml/snakeyaml/1.29/snakeyaml-1.29.jar:/Users/jinho/.m2/repository/org/thymeleaf/thymeleaf-spring5/3.0.15.RELEASE/thymeleaf-spring5-3.0.15.RELEASE.jar:/Users/jinho/.m2/repository/org/thymeleaf/thymeleaf/3.0.15.RELEASE/thymeleaf-3.0.15.RELEASE.jar:/Users/jinho/.m2/repository/org/attoparser/attoparser/2.0.5.RELEASE/attoparser-2.0.5.RELEASE.jar:/Users/jinho/.m2/repository/org/unbescape/unbescape/1.1.6.RELEASE/unbescape-1.1.6.RELEASE.jar:/Users/jinho/.m2/repository/org/thymeleaf/extras/thymeleaf-extras-java8time/3.0.4.RELEASE/thymeleaf-extras-java8time-3.0.4.RELEASE.jar:/Users/jinho/.m2/repository/com/sap/cloud/sdk/cloudplatform/scp-cf/3.71.0/scp-cf-3.71.0.jar:/Users/jinho/.m2/repository/com/sap/cloud/sdk/cloudplatform/auditlog-scp-cf/3.71.0/auditlog-scp-cf-3.71.0.jar:/Users/jinho/.m2/repository/com/sap/cloud/sdk/cloudplatform/cloudplatform-core/3.71.0/cloudplatform-core-3.71.0.jar:/Users/jinho/.m2/repository/com/sap/cloud/sdk/cloudplatform/auditlog/3.71.0/auditlog-3.71.0.jar:/Users/jinho/.m2/repository/com/fasterxml/jackson/core/jackson-core/2.13.3/jackson-core-2.13.3.jar:/Users/jinho/.m2/repository/com/google/code/findbugs/jsr305/3.0.2/jsr305-3.0.2.jar:/Users/jinho/.m2/repository/io/vavr/vavr/0.10.4/vavr-0.10.4.jar:/Users/jinho/.m2/repository/io/vavr/vavr-match/0.10.4/vavr-match-0.10.4.jar:/Users/jinho/.m2/repository/com/google/guava/guava/31.1-jre/guava-31.1-jre.jar:/Users/jinho/.m2/repository/com/google/guava/failureaccess/1.0.1/failureaccess-1.0.1.jar:/Users/jinho/.m2/repository/com/google/guava/listenablefuture/9999.0-empty-to-avoid-conflict-with-guava/listenablefuture-9999.0-empty-to-avoid-conflict-with-guava.jar:/Users/jinho/.m2/repository/com/google/j2objc/j2objc-annotations/1.3/j2objc-annotations-1.3.jar:/Users/jinho/.m2/repository/com/google/errorprone/error_prone_annotations/2.14.0/error_prone_annotations-2.14.0.jar:/Users/jinho/.m2/repository/com/sap/cloud/sdk/cloudplatform/caching/3.71.0/caching-3.71.0.jar:/Users/jinho/.m2/repository/com/sap/cloud/sdk/cloudplatform/security/3.71.0/security-3.71.0.jar:/Users/jinho/.m2/repository/com/sap/cloud/sdk/cloudplatform/tenant/3.71.0/tenant-3.71.0.jar:/Users/jinho/.m2/repository/com/github/ben-manes/caffeine/caffeine/2.9.3/caffeine-2.9.3.jar:/Users/jinho/.m2/repository/com/sap/cloud/sdk/cloudplatform/cloudplatform-core-scp-cf/3.71.0/cloudplatform-core-scp-cf-3.71.0.jar:/Users/jinho/.m2/repository/com/google/code/gson/gson/2.9.0/gson-2.9.0.jar:/Users/jinho/.m2/repository/com/mikesamuel/json-sanitizer/1.2.3/json-sanitizer-1.2.3.jar:/Users/jinho/.m2/repository/com/auth0/java-jwt/3.19.2/java-jwt-3.19.2.jar:/Users/jinho/.m2/repository/com/sap/cloud/sdk/cloudplatform/cloudplatform-connectivity-scp-cf/3.71.0/cloudplatform-connectivity-scp-cf-3.71.0.jar:/Users/jinho/.m2/repository/com/sap/cloud/sdk/cloudplatform/cloudplatform-connectivity/3.71.0/cloudplatform-connectivity-3.71.0.jar:/Users/jinho/.m2/repository/com/sap/cloud/sdk/cloudplatform/cloudplatform-connectivity-scp/3.71.0/cloudplatform-connectivity-scp-3.71.0.jar:/Users/jinho/.m2/repository/com/sap/cloud/sdk/cloudplatform/resilience/3.71.0/resilience-3.71.0.jar:/Users/jinho/.m2/repository/com/sap/cloud/sdk/frameworks/resilience4j/3.71.0/resilience4j-3.71.0.jar:/Users/jinho/.m2/repository/io/github/resilience4j/resilience4j-circuitbreaker/1.7.1/resilience4j-circuitbreaker-1.7.1.jar:/Users/jinho/.m2/repository/io/github/resilience4j/resilience4j-core/1.7.1/resilience4j-core-1.7.1.jar:/Users/jinho/.m2/repository/io/github/resilience4j/resilience4j-bulkhead/1.7.1/resilience4j-bulkhead-1.7.1.jar:/Users/jinho/.m2/repository/io/github/resilience4j/resilience4j-timelimiter/1.7.1/resilience4j-timelimiter-1.7.1.jar:/Users/jinho/.m2/repository/io/github/resilience4j/resilience4j-cache/1.7.1/resilience4j-cache-1.7.1.jar:/Users/jinho/.m2/repository/javax/cache/cache-api/1.1.1/cache-api-1.1.1.jar:/Users/jinho/.m2/repository/io/github/resilience4j/resilience4j-retry/1.7.1/resilience4j-retry-1.7.1.jar:/Users/jinho/.m2/repository/io/github/resilience4j/resilience4j-ratelimiter/1.7.1/resilience4j-ratelimiter-1.7.1.jar:/Users/jinho/.m2/repository/com/sap/cloud/security/xsuaa/token-client/2.12.1/token-client-2.12.1.jar:/Users/jinho/.m2/repository/com/sap/cloud/security/xsuaa/api/2.12.1/api-2.12.1.jar:/Users/jinho/.m2/repository/commons-io/commons-io/2.11.0/commons-io-2.11.0.jar:/Users/jinho/.m2/repository/org/apache/httpcomponents/httpcore/4.4.15/httpcore-4.4.15.jar:/Users/jinho/.m2/repository/org/apache/httpcomponents/httpclient/4.5.13/httpclient-4.5.13.jar:/Users/jinho/.m2/repository/commons-codec/commons-codec/1.15/commons-codec-1.15.jar:/Users/jinho/.m2/repository/org/apache/commons/commons-lang3/3.12.0/commons-lang3-3.12.0.jar:/Users/jinho/.m2/repository/com/jayway/jsonpath/json-path/2.7.0/json-path-2.7.0.jar:/Users/jinho/.m2/repository/net/minidev/json-smart/2.4.8/json-smart-2.4.8.jar:/Users/jinho/.m2/repository/net/minidev/accessors-smart/2.4.8/accessors-smart-2.4.8.jar:/Users/jinho/.m2/repository/com/sap/cloud/security/java-api/2.12.1/java-api-2.12.1.jar:/Users/jinho/.m2/repository/com/sap/cloud/sdk/cloudplatform/security-scp-cf/3.71.0/security-scp-cf-3.71.0.jar:/Users/jinho/.m2/repository/com/sap/cloud/security/java-security/2.12.1/java-security-2.12.1.jar:/Users/jinho/.m2/repository/com/sap/cloud/security/env/2.12.1/env-2.12.1.jar:/Users/jinho/.m2/repository/com/sap/cloud/sdk/cloudplatform/servlet/3.71.0/servlet-3.71.0.jar:/Users/jinho/.m2/repository/com/fasterxml/jackson/core/jackson-annotations/2.13.3/jackson-annotations-2.13.3.jar:/Users/jinho/.m2/repository/com/fasterxml/jackson/core/jackson-databind/2.13.3/jackson-databind-2.13.3.jar:/Users/jinho/.m2/repository/com/sap/cloud/sdk/cloudplatform/tenant-scp-cf/3.71.0/tenant-scp-cf-3.71.0.jar:/Users/jinho/.m2/repository/com/sap/cloud/sdk/cloudplatform/metering/3.71.0/metering-3.71.0.jar:/Users/jinho/.m2/repository/com/sap/cloud/sdk/s4hana/s4hana-all/3.71.0/s4hana-all-3.71.0.jar:/Users/jinho/.m2/repository/com/sap/cloud/sdk/s4hana/s4hana-core/3.71.0/s4hana-core-3.71.0.jar:/Users/jinho/.m2/repository/com/sap/cloud/sdk/datamodel/fluent-result/3.71.0/fluent-result-3.71.0.jar:/Users/jinho/.m2/repository/com/sap/cloud/sdk/s4hana/s4hana-connectivity/3.71.0/s4hana-connectivity-3.71.0.jar:/Users/jinho/.m2/repository/com/sap/cloud/sdk/s4hana/s4hana-api-odata/3.71.0/s4hana-api-odata-3.71.0.jar:/Users/jinho/.m2/repository/com/sap/cloud/sdk/datamodel/odata-core/3.71.0/odata-core-3.71.0.jar:/Users/jinho/.m2/repository/com/sap/cloud/servicesdk/odata-v2-lib/1.40.11/odata-v2-lib-1.40.11.jar:/Users/jinho/.m2/repository/com/sap/cloud/servicesdk/developer_license/1.40.11/developer_license-1.40.11.jar:/Users/jinho/.m2/repository/com/sap/cloud/sdk/s4hana/s4hana-api-odata-v4/3.71.0/s4hana-api-odata-v4-3.71.0.jar:/Users/jinho/.m2/repository/com/sap/cloud/sdk/datamodel/odata-v4-core/3.71.0/odata-v4-core-3.71.0.jar:/Users/jinho/.m2/repository/com/sap/cloud/sdk/datamodel/odata-client/3.71.0/odata-client-3.71.0.jar:/Users/jinho/.m2/repository/com/sap/cloud/sdk/datamodel/soap/3.71.0/soap-3.71.0.jar:/Users/jinho/.m2/repository/org/apache/axis2/axis2-adb/1.7.9/axis2-adb-1.7.9.jar:/Users/jinho/.m2/repository/org/apache/ws/commons/axiom/axiom-dom/1.2.21/axiom-dom-1.2.21.jar:/Users/jinho/.m2/repository/org/codehaus/woodstox/woodstox-core-asl/4.2.0/woodstox-core-asl-4.2.0.jar:/Users/jinho/.m2/repository/org/codehaus/woodstox/stax2-api/3.1.1/stax2-api-3.1.1.jar:/Users/jinho/.m2/repository/org/apache/axis2/axis2-transport-http/1.7.9/axis2-transport-http-1.7.9.jar:/Users/jinho/.m2/repository/org/apache/axis2/axis2-kernel/1.7.9/axis2-kernel-1.7.9.jar:/Users/jinho/.m2/repository/org/apache/ws/commons/axiom/axiom-api/1.2.21/axiom-api-1.2.21.jar:/Users/jinho/.m2/repository/org/apache/geronimo/specs/geronimo-activation_1.1_spec/1.1/geronimo-activation_1.1_spec-1.1.jar:/Users/jinho/.m2/repository/jaxen/jaxen/1.2.0/jaxen-1.2.0.jar:/Users/jinho/.m2/repository/org/apache/geronimo/specs/geronimo-stax-api_1.0_spec/1.0.1/geronimo-stax-api_1.0_spec-1.0.1.jar:/Users/jinho/.m2/repository/org/apache/james/apache-mime4j-core/0.7.2/apache-mime4j-core-0.7.2.jar:/Users/jinho/.m2/repository/org/apache/ws/commons/axiom/axiom-impl/1.2.21/axiom-impl-1.2.21.jar:/Users/jinho/.m2/repository/org/apache/geronimo/specs/geronimo-ws-metadata_2.0_spec/1.1.2/geronimo-ws-metadata_2.0_spec-1.1.2.jar:/Users/jinho/.m2/repository/org/apache/geronimo/specs/geronimo-jta_1.1_spec/1.1/geronimo-jta_1.1_spec-1.1.jar:/Users/jinho/.m2/repository/wsdl4j/wsdl4j/1.6.3/wsdl4j-1.6.3.jar:/Users/jinho/.m2/repository/org/apache/ws/xmlschema/xmlschema-core/2.2.1/xmlschema-core-2.2.1.jar:/Users/jinho/.m2/repository/org/apache/neethi/neethi/3.0.3/neethi-3.0.3.jar:/Users/jinho/.m2/repository/org/apache/woden/woden-core/1.0M10/woden-core-1.0M10.jar:/Users/jinho/.m2/repository/org/apache/axis2/axis2-transport-local/1.7.9/axis2-transport-local-1.7.9.jar:/Users/jinho/.m2/repository/com/sap/cloud/sdk/s4hana/rfc/3.71.0/rfc-3.71.0.jar:/Users/jinho/.m2/repository/com/sap/cloud/sdk/quality/common/3.71.0/common-3.71.0.jar:/Users/jinho/.m2/repository/org/apache/commons/commons-csv/1.9.0/commons-csv-1.9.0.jar:/Users/jinho/.m2/repository/org/json/json/20220320/json-20220320.jar:/Users/jinho/.m2/repository/com/sap/cloud/servicesdk/odatav2-connectivity-sdk3/1.40.11/odatav2-connectivity-sdk3-1.40.11.jar:/Users/jinho/.m2/repository/com/sap/cloud/servicesdk/jacksonutil-sdk3/1.40.11/jacksonutil-sdk3-1.40.11.jar:/Users/jinho/.m2/repository/joda-time/joda-time/2.9.9/joda-time-2.9.9.jar:/Users/jinho/.m2/repository/com/sap/cloud/servicesdk/prov/api/1.40.11/api-1.40.11.jar:/Users/jinho/.m2/repository/javax/transaction/javax.transaction-api/1.3/javax.transaction-api-1.3.jar:/Users/jinho/.m2/repository/commons-beanutils/commons-beanutils/1.9.4/commons-beanutils-1.9.4.jar:/Users/jinho/.m2/repository/commons-collections/commons-collections/3.2.2/commons-collections-3.2.2.jar:/Users/jinho/.m2/repository/com/sap/cds/cds4j-api/1.13.1/cds4j-api-1.13.1.jar:/Users/jinho/.m2/repository/org/projectlombok/lombok/1.18.22/lombok-1.18.22.jar:/Users/jinho/.m2/repository/org/slf4j/slf4j-api/1.7.36/slf4j-api-1.7.36.jar:/Users/jinho/.m2/repository/org/slf4j/jcl-over-slf4j/1.7.36/jcl-over-slf4j-1.7.36.jar:/Users/jinho/.m2/repository/ch/qos/logback/logback-classic/1.2.11/logback-classic-1.2.11.jar:/Users/jinho/.m2/repository/ch/qos/logback/logback-core/1.2.11/logback-core-1.2.11.jar:/Users/jinho/.m2/repository/com/sap/hcp/cf/logging/cf-java-logging-support-logback/3.6.2/cf-java-logging-support-logback-3.6.2.jar:/Users/jinho/.m2/repository/com/sap/hcp/cf/logging/cf-java-logging-support-core/3.6.2/cf-java-logging-support-core-3.6.2.jar:/Users/jinho/.m2/repository/com/fasterxml/jackson/jr/jackson-jr-objects/2.13.3/jackson-jr-objects-2.13.3.jar:/Users/jinho/.m2/repository/org/springframework/boot/spring-boot-starter-web/2.6.7/spring-boot-starter-web-2.6.7.jar:/Users/jinho/.m2/repository/org/springframework/boot/spring-boot-starter-json/2.6.7/spring-boot-starter-json-2.6.7.jar:/Users/jinho/.m2/repository/com/fasterxml/jackson/datatype/jackson-datatype-jdk8/2.13.3/jackson-datatype-jdk8-2.13.3.jar:/Users/jinho/.m2/repository/com/fasterxml/jackson/datatype/jackson-datatype-jsr310/2.13.3/jackson-datatype-jsr310-2.13.3.jar:/Users/jinho/.m2/repository/com/fasterxml/jackson/module/jackson-module-parameter-names/2.13.3/jackson-module-parameter-names-2.13.3.jar:/Users/jinho/.m2/repository/org/springframework/boot/spring-boot-starter-tomcat/2.6.7/spring-boot-starter-tomcat-2.6.7.jar:/Users/jinho/.m2/repository/org/apache/tomcat/embed/tomcat-embed-core/9.0.62/tomcat-embed-core-9.0.62.jar:/Users/jinho/.m2/repository/org/apache/tomcat/embed/tomcat-embed-el/9.0.62/tomcat-embed-el-9.0.62.jar:/Users/jinho/.m2/repository/org/apache/tomcat/embed/tomcat-embed-websocket/9.0.62/tomcat-embed-websocket-9.0.62.jar:/Users/jinho/.m2/repository/org/springframework/spring-web/5.3.20/spring-web-5.3.20.jar:/Users/jinho/.m2/repository/org/springframework/spring-beans/5.3.20/spring-beans-5.3.20.jar:/Users/jinho/.m2/repository/org/springframework/spring-webmvc/5.3.20/spring-webmvc-5.3.20.jar:/Users/jinho/.m2/repository/org/springframework/spring-aop/5.3.20/spring-aop-5.3.20.jar:/Users/jinho/.m2/repository/org/springframework/spring-context/5.3.20/spring-context-5.3.20.jar:/Users/jinho/.m2/repository/org/springframework/spring-expression/5.3.20/spring-expression-5.3.20.jar:/Users/jinho/.m2/repository/javax/inject/javax.inject/1/javax.inject-1.jar:/Users/jinho/.m2/repository/org/slf4j/slf4j-simple/1.7.36/slf4j-simple-1.7.36.jar:/Users/jinho/.m2/repository/junit/junit/4.13.2/junit-4.13.2.jar:/Users/jinho/.m2/repository/org/hamcrest/hamcrest-core/2.2/hamcrest-core-2.2.jar:/Users/jinho/.m2/repository/org/hamcrest/hamcrest/2.2/hamcrest-2.2.jar:"/>
    <property name="sun.cpu.endian" value="little"/>
    <property name="user.home" value="/Users/jinho"/>
    <property name="user.language" value="ko"/>
    <property name="java.specification.vendor" value="Oracle Corporation"/>
    <property name="java.version.date" value="2022-04-22"/>
    <property name="java.home" value="/usr/local/Cellar/openjdk/18.0.1.1/libexec/openjdk.jdk/Contents/Home"/>
    <property name="file.separator" value="/"/>
    <property name="basedir" value="/Users/jinho/Desktop/btp_java/firstapp/application"/>
    <property name="java.vm.compressedOopsMode" value="Zero based"/>
    <property name="line.separator" value="&#10;"/>
    <property name="java.vm.specification.vendor" value="Oracle Corporation"/>
    <property name="java.specification.name" value="Java Platform API Specification"/>
    <property name="apple.awt.application.name" value="ForkedBooter"/>
    <property name="surefire.real.class.path" value="/Users/jinho/Desktop/btp_java/firstapp/application/target/surefire/surefirebooter12429532494851652721.jar"/>
    <property name="sun.management.compiler" value="HotSpot 64-Bit Tiered Compilers"/>
    <property name="ftp.nonProxyHosts" value="local|*.local|169.254/16|*.169.254/16"/>
    <property name="java.runtime.version" value="18.0.1.1+0"/>
    <property name="user.name" value="jinho"/>
    <property name="path.separator" value=":"/>
    <property name="os.version" value="12.4"/>
    <property name="java.runtime.name" value="OpenJDK Runtime Environment"/>
    <property name="file.encoding" value="UTF-8"/>
    <property name="java.vm.name" value="OpenJDK 64-Bit Server VM"/>
    <property name="java.vendor.version" value="Homebrew"/>
    <property name="localRepository" value="/Users/jinho/.m2/repository"/>
    <property name="java.vendor.url.bug" value="https://github.com/Homebrew/homebrew-core/issues"/>
    <property name="java.io.tmpdir" value="/var/folders/7p/9m5pw1d55d5f48w49_2zlykm0000gn/T/"/>
    <property name="java.version" value="18.0.1.1"/>
    <property name="user.dir" value="/Users/jinho/Desktop/btp_java/firstapp/application"/>
    <property name="os.arch" value="x86_64"/>
    <property name="surefire.forkDir" value="/Users/jinho/Desktop/btp_java/firstapp/application/target/surefire-fork/1/"/>
    <property name="java.vm.specification.name" value="Java Virtual Machine Specification"/>
    <property name="org.slf4j.simpleLogger.defaultLogLevel" value="info"/>
    <property name="native.encoding" value="UTF-8"/>
    <property name="java.library.path" value="/Users/jinho/Library/Java/Extensions:/Library/Java/Extensions:/Network/Library/Java/Extensions:/System/Library/Java/Extensions:/usr/lib/java:."/>
    <property name="java.vm.info" value="mixed mode, sharing"/>
    <property name="java.vendor" value="Homebrew"/>
    <property name="java.vm.version" value="18.0.1.1+0"/>
    <property name="sun.io.unicode.encoding" value="UnicodeBig"/>
    <property name="socksNonProxyHosts" value="local|*.local|169.254/16|*.169.254/16"/>
    <property name="java.class.version" value="62.0"/>
  </properties>
  <testcase name="test" classname="beaconkorea.UnitTest" time="0.004"/>
</testsuite>